  Determining projects to restore...
C:\Users\ADMIN\MonadoBlade\tests\MonadoBlade.Tests.Unit\MonadoBlade.Tests.Unit.csproj : warning NU1603: MonadoBlade.Tests.Unit depends on Microsoft.NET.Test.Sdk (>= 17.8.2) but Microsoft.NET.Test.Sdk 17.8.2 was not found. Microsoft.NET.Test.Sdk 17.9.0 was resolved instead. [C:\Users\ADMIN\MonadoBlade\MonadoBlade.sln]
C:\Users\ADMIN\MonadoBlade\tests\MonadoBlade.Tests.Integration\MonadoBlade.Tests.Integration.csproj : warning NU1603: MonadoBlade.Tests.Integration depends on Microsoft.NET.Test.Sdk (>= 17.8.2) but Microsoft.NET.Test.Sdk 17.8.2 was not found. Microsoft.NET.Test.Sdk 17.9.0 was resolved instead. [C:\Users\ADMIN\MonadoBlade\MonadoBlade.sln]
C:\Users\ADMIN\MonadoBlade\tests\MonadoBlade.Tests.Performance\MonadoBlade.Tests.Performance.csproj : warning NU1603: MonadoBlade.Tests.Performance depends on Microsoft.NET.Test.Sdk (>= 17.8.2) but Microsoft.NET.Test.Sdk 17.8.2 was not found. Microsoft.NET.Test.Sdk 17.9.0 was resolved instead. [C:\Users\ADMIN\MonadoBlade\MonadoBlade.sln]
  All projects are up-to-date for restore.
C:\Program Files\dotnet\sdk\10.0.201\Sdks\Microsoft.NET.Sdk\targets\Microsoft.NET.Sdk.DefaultItems.targets(162,5): warning NETSDK1137: It is no longer necessary to use the Microsoft.NET.Sdk.WindowsDesktop SDK. Consider changing the Sdk attribute of the root Project element to 'Microsoft.NET.Sdk'. [C:\Users\ADMIN\MonadoBlade\src\MonadoBlade.Graphics\MonadoBlade.Graphics.csproj]
C:\Program Files\dotnet\sdk\10.0.201\Sdks\Microsoft.NET.Sdk\targets\Microsoft.NET.Sdk.DefaultItems.targets(162,5): warning NETSDK1137: It is no longer necessary to use the Microsoft.NET.Sdk.WindowsDesktop SDK. Consider changing the Sdk attribute of the root Project element to 'Microsoft.NET.Sdk'. [C:\Users\ADMIN\MonadoBlade\src\MonadoBlade.Dashboard\MonadoBlade.Dashboard.csproj]
C:\Users\ADMIN\MonadoBlade\tests\MonadoBlade.Tests.Performance\MonadoBlade.Tests.Performance.csproj : warning NU1603: MonadoBlade.Tests.Performance depends on Microsoft.NET.Test.Sdk (>= 17.8.2) but Microsoft.NET.Test.Sdk 17.8.2 was not found. Microsoft.NET.Test.Sdk 17.9.0 was resolved instead.
C:\Users\ADMIN\MonadoBlade\tests\MonadoBlade.Tests.Integration\MonadoBlade.Tests.Integration.csproj : warning NU1603: MonadoBlade.Tests.Integration depends on Microsoft.NET.Test.Sdk (>= 17.8.2) but Microsoft.NET.Test.Sdk 17.8.2 was not found. Microsoft.NET.Test.Sdk 17.9.0 was resolved instead.
C:\Users\ADMIN\MonadoBlade\tests\MonadoBlade.Tests.Unit\MonadoBlade.Tests.Unit.csproj : warning NU1603: MonadoBlade.Tests.Unit depends on Microsoft.NET.Test.Sdk (>= 17.8.2) but Microsoft.NET.Test.Sdk 17.8.2 was not found. Microsoft.NET.Test.Sdk 17.9.0 was resolved instead.
C:\Program Files\dotnet\sdk\10.0.201\Sdks\Microsoft.NET.Sdk\targets\Microsoft.NET.Sdk.DefaultItems.targets(162,5): warning NETSDK1137: It is no longer necessary to use the Microsoft.NET.Sdk.WindowsDesktop SDK. Consider changing the Sdk attribute of the root Project element to 'Microsoft.NET.Sdk'. [C:\Users\ADMIN\MonadoBlade\src\MonadoBlade.GUI\MonadoBlade.GUI.csproj]
C:\Users\ADMIN\MonadoBlade\src\MonadoBlade.Core\Concurrency\LockFreeCollections.cs(76,7): warning CS1570: XML comment has badly formed XML -- 'End tag 'summary' does not match the start tag 'Event'.' [C:\Users\ADMIN\MonadoBlade\src\MonadoBlade.Core\MonadoBlade.Core.csproj]
C:\Users\ADMIN\MonadoBlade\src\MonadoBlade.Core\Concurrency\LockFreeCollections.cs(77,1): warning CS1570: XML comment has badly formed XML -- 'Expected an end tag for element 'T'.' [C:\Users\ADMIN\MonadoBlade\src\MonadoBlade.Core\MonadoBlade.Core.csproj]
C:\Users\ADMIN\MonadoBlade\src\MonadoBlade.Core\Concurrency\LockFreeCollections.cs(77,1): warning CS1570: XML comment has badly formed XML -- 'Expected an end tag for element 'summary'.' [C:\Users\ADMIN\MonadoBlade\src\MonadoBlade.Core\MonadoBlade.Core.csproj]
C:\Users\ADMIN\MonadoBlade\src\MonadoBlade.Core\Concurrency\LockFreeCollections.cs(171,60): warning CS1570: XML comment has badly formed XML -- 'The character(s) ',' cannot be used at this location.' [C:\Users\ADMIN\MonadoBlade\src\MonadoBlade.Core\MonadoBlade.Core.csproj]
C:\Users\ADMIN\MonadoBlade\src\MonadoBlade.Core\Concurrency\LockFreeCollections.cs(175,32): warning CS1570: XML comment has badly formed XML -- 'The character(s) ',' cannot be used at this location.' [C:\Users\ADMIN\MonadoBlade\src\MonadoBlade.Core\MonadoBlade.Core.csproj]
C:\Users\ADMIN\MonadoBlade\src\MonadoBlade.Core\Concurrency\LockFreeCollections.cs(186,7): warning CS1570: XML comment has badly formed XML -- 'End tag 'summary' does not match the start tag 'string'.' [C:\Users\ADMIN\MonadoBlade\src\MonadoBlade.Core\MonadoBlade.Core.csproj]
C:\Users\ADMIN\MonadoBlade\src\MonadoBlade.Core\Concurrency\LockFreeCollections.cs(187,1): warning CS1570: XML comment has badly formed XML -- 'Expected an end tag for element 'K'.' [C:\Users\ADMIN\MonadoBlade\src\MonadoBlade.Core\MonadoBlade.Core.csproj]
C:\Users\ADMIN\MonadoBlade\src\MonadoBlade.Core\Concurrency\LockFreeCollections.cs(187,1): warning CS1570: XML comment has badly formed XML -- 'Expected an end tag for element 'summary'.' [C:\Users\ADMIN\MonadoBlade\src\MonadoBlade.Core\MonadoBlade.Core.csproj]
C:\Users\ADMIN\MonadoBlade\src\MonadoBlade.Core\Concurrency\LockFreeCollections.cs(325,7): warning CS1570: XML comment has badly formed XML -- 'End tag 'summary' does not match the start tag 'object'.' [C:\Users\ADMIN\MonadoBlade\src\MonadoBlade.Core\MonadoBlade.Core.csproj]
C:\Users\ADMIN\MonadoBlade\src\MonadoBlade.Core\Concurrency\LockFreeCollections.cs(326,1): warning CS1570: XML comment has badly formed XML -- 'Expected an end tag for element 'T'.' [C:\Users\ADMIN\MonadoBlade\src\MonadoBlade.Core\MonadoBlade.Core.csproj]
C:\Users\ADMIN\MonadoBlade\src\MonadoBlade.Core\Concurrency\LockFreeCollections.cs(326,1): warning CS1570: XML comment has badly formed XML -- 'Expected an end tag for element 'summary'.' [C:\Users\ADMIN\MonadoBlade\src\MonadoBlade.Core\MonadoBlade.Core.csproj]
C:\Users\ADMIN\MonadoBlade\src\MonadoBlade.Core\Concurrency\LockFreeCollections.cs(440,7): warning CS1570: XML comment has badly formed XML -- 'End tag 'summary' does not match the start tag 'T'.' [C:\Users\ADMIN\MonadoBlade\src\MonadoBlade.Core\MonadoBlade.Core.csproj]
C:\Users\ADMIN\MonadoBlade\src\MonadoBlade.Core\Concurrency\LockFreeCollections.cs(441,1): warning CS1570: XML comment has badly formed XML -- 'Expected an end tag for element 'T'.' [C:\Users\ADMIN\MonadoBlade\src\MonadoBlade.Core\MonadoBlade.Core.csproj]
C:\Users\ADMIN\MonadoBlade\src\MonadoBlade.Core\Concurrency\LockFreeCollections.cs(441,1): warning CS1570: XML comment has badly formed XML -- 'Expected an end tag for element 'summary'.' [C:\Users\ADMIN\MonadoBlade\src\MonadoBlade.Core\MonadoBlade.Core.csproj]
C:\Users\ADMIN\MonadoBlade\src\MonadoBlade.Core\Observability\AdvancedMetrics.cs(11,36): warning CS1570: XML comment has badly formed XML -- 'Whitespace is not allowed at this location.' [C:\Users\ADMIN\MonadoBlade\src\MonadoBlade.Core\MonadoBlade.Core.csproj]
C:\Users\ADMIN\MonadoBlade\src\MonadoBlade.Core\Optimization\TaskBatchAccumulator.cs(26,11): warning CS1570: XML comment has badly formed XML -- 'End tag 'summary' does not match the start tag 'Message'.' [C:\Users\ADMIN\MonadoBlade\src\MonadoBlade.Core\MonadoBlade.Core.csproj]
C:\Users\ADMIN\MonadoBlade\src\MonadoBlade.Core\Optimization\TaskBatchAccumulator.cs(28,1): warning CS1570: XML comment has badly formed XML -- 'Expected an end tag for element 'summary'.' [C:\Users\ADMIN\MonadoBlade\src\MonadoBlade.Core\MonadoBlade.Core.csproj]
C:\Users\ADMIN\MonadoBlade\src\MonadoBlade.Core\Concurrency\TaskBatchAccumulator.cs(17,54): warning CS1570: XML comment has badly formed XML -- 'An identifier was expected.' [C:\Users\ADMIN\MonadoBlade\src\MonadoBlade.Core\MonadoBlade.Core.csproj]
C:\Users\ADMIN\MonadoBlade\src\MonadoBlade.Core\Concurrency\TaskBatchAccumulator.cs(17,54): warning CS1570: XML comment has badly formed XML -- 'The character(s) '5' cannot be used at this location.' [C:\Users\ADMIN\MonadoBlade\src\MonadoBlade.Core\MonadoBlade.Core.csproj]
C:\Users\ADMIN\MonadoBlade\src\MonadoBlade.Core\Concurrency\TaskBatchAccumulator.cs(23,27): warning CS1570: XML comment has badly formed XML -- 'An identifier was expected.' [C:\Users\ADMIN\MonadoBlade\src\MonadoBlade.Core\MonadoBlade.Core.csproj]
C:\Users\ADMIN\MonadoBlade\src\MonadoBlade.Core\Concurrency\TaskBatchAccumulator.cs(23,27): warning CS1570: XML comment has badly formed XML -- 'The character(s) '5' cannot be used at this location.' [C:\Users\ADMIN\MonadoBlade\src\MonadoBlade.Core\MonadoBlade.Core.csproj]
C:\Users\ADMIN\MonadoBlade\src\MonadoBlade.Core\Services\QueryService.cs(34,17): error CS1022: Type or namespace definition, or end-of-file expected [C:\Users\ADMIN\MonadoBlade\src\MonadoBlade.Core\MonadoBlade.Core.csproj]
C:\Users\ADMIN\MonadoBlade\src\MonadoBlade.Core\Services\QueryService.cs(34,18): error CS1022: Type or namespace definition, or end-of-file expected [C:\Users\ADMIN\MonadoBlade\src\MonadoBlade.Core\MonadoBlade.Core.csproj]
C:\Users\ADMIN\MonadoBlade\src\MonadoBlade.Core\Services\MutationService.cs(26,1): error CS1519: Invalid token '}' in a member declaration [C:\Users\ADMIN\MonadoBlade\src\MonadoBlade.Core\MonadoBlade.Core.csproj]
C:\Users\ADMIN\MonadoBlade\src\MonadoBlade.Core\Services\QueryService.cs(34,20): error CS8803: Top-level statements must precede namespace and type declarations. [C:\Users\ADMIN\MonadoBlade\src\MonadoBlade.Core\MonadoBlade.Core.csproj]
C:\Users\ADMIN\MonadoBlade\src\MonadoBlade.Core\Services\QueryService.cs(34,33): error CS1001: Identifier expected [C:\Users\ADMIN\MonadoBlade\src\MonadoBlade.Core\MonadoBlade.Core.csproj]
C:\Users\ADMIN\MonadoBlade\src\MonadoBlade.Core\Services\QueryService.cs(34,33): error CS1003: Syntax error, ',' expected [C:\Users\ADMIN\MonadoBlade\src\MonadoBlade.Core\MonadoBlade.Core.csproj]
C:\Users\ADMIN\MonadoBlade\src\MonadoBlade.Core\Services\QueryService.cs(34,38): error CS1002: ; expected [C:\Users\ADMIN\MonadoBlade\src\MonadoBlade.Core\MonadoBlade.Core.csproj]
C:\Users\ADMIN\MonadoBlade\src\MonadoBlade.Core\Services\QueryService.cs(35,13): error CS1022: Type or namespace definition, or end-of-file expected [C:\Users\ADMIN\MonadoBlade\src\MonadoBlade.Core\MonadoBlade.Core.csproj]
C:\Users\ADMIN\MonadoBlade\src\MonadoBlade.Core\Services\QueryService.cs(38,9): error CS1022: Type or namespace definition, or end-of-file expected [C:\Users\ADMIN\MonadoBlade\src\MonadoBlade.Core\MonadoBlade.Core.csproj]
C:\Users\ADMIN\MonadoBlade\src\MonadoBlade.Core\Services\QueryService.cs(39,9): error CS1022: Type or namespace definition, or end-of-file expected [C:\Users\ADMIN\MonadoBlade\src\MonadoBlade.Core\MonadoBlade.Core.csproj]
C:\Users\ADMIN\MonadoBlade\src\MonadoBlade.Core\Services\QueryService.cs(39,26): error CS1073: Unexpected token 'ex' [C:\Users\ADMIN\MonadoBlade\src\MonadoBlade.Core\MonadoBlade.Core.csproj]
C:\Users\ADMIN\MonadoBlade\src\MonadoBlade.Core\Services\QueryService.cs(39,29): error CS1002: ; expected [C:\Users\ADMIN\MonadoBlade\src\MonadoBlade.Core\MonadoBlade.Core.csproj]
C:\Users\ADMIN\MonadoBlade\src\MonadoBlade.Core\Services\QueryService.cs(44,5): error CS1022: Type or namespace definition, or end-of-file expected [C:\Users\ADMIN\MonadoBlade\src\MonadoBlade.Core\MonadoBlade.Core.csproj]
C:\Users\ADMIN\MonadoBlade\src\MonadoBlade.Core\Services\QueryService.cs(46,5): error CS0106: The modifier 'public' is not valid for this item [C:\Users\ADMIN\MonadoBlade\src\MonadoBlade.Core\MonadoBlade.Core.csproj]
C:\Users\ADMIN\MonadoBlade\src\MonadoBlade.Core\Services\QueryService.cs(90,5): error CS0106: The modifier 'public' is not valid for this item [C:\Users\ADMIN\MonadoBlade\src\MonadoBlade.Core\MonadoBlade.Core.csproj]
C:\Users\ADMIN\MonadoBlade\src\MonadoBlade.Core\Services\QueryService.cs(145,5): error CS0106: The modifier 'public' is not valid for this item [C:\Users\ADMIN\MonadoBlade\src\MonadoBlade.Core\MonadoBlade.Core.csproj]
C:\Users\ADMIN\MonadoBlade\src\MonadoBlade.Core\Services\QueryService.cs(159,5): error CS0106: The modifier 'public' is not valid for this item [C:\Users\ADMIN\MonadoBlade\src\MonadoBlade.Core\MonadoBlade.Core.csproj]
C:\Users\ADMIN\MonadoBlade\src\MonadoBlade.Core\Services\QueryService.cs(174,5): error CS0106: The modifier 'public' is not valid for this item [C:\Users\ADMIN\MonadoBlade\src\MonadoBlade.Core\MonadoBlade.Core.csproj]
C:\Users\ADMIN\MonadoBlade\src\MonadoBlade.Core\Services\QueryService.cs(200,5): error CS0106: The modifier 'public' is not valid for this item [C:\Users\ADMIN\MonadoBlade\src\MonadoBlade.Core\MonadoBlade.Core.csproj]
C:\Users\ADMIN\MonadoBlade\src\MonadoBlade.Core\Services\QueryService.cs(207,5): error CS0106: The modifier 'public' is not valid for this item [C:\Users\ADMIN\MonadoBlade\src\MonadoBlade.Core\MonadoBlade.Core.csproj]
C:\Users\ADMIN\MonadoBlade\src\MonadoBlade.Core\Services\QueryService.cs(215,1): error CS1022: Type or namespace definition, or end-of-file expected [C:\Users\ADMIN\MonadoBlade\src\MonadoBlade.Core\MonadoBlade.Core.csproj]

Build FAILED.

C:\Users\ADMIN\MonadoBlade\tests\MonadoBlade.Tests.Unit\MonadoBlade.Tests.Unit.csproj : warning NU1603: MonadoBlade.Tests.Unit depends on Microsoft.NET.Test.Sdk (>= 17.8.2) but Microsoft.NET.Test.Sdk 17.8.2 was not found. Microsoft.NET.Test.Sdk 17.9.0 was resolved instead. [C:\Users\ADMIN\MonadoBlade\MonadoBlade.sln]
C:\Users\ADMIN\MonadoBlade\tests\MonadoBlade.Tests.Integration\MonadoBlade.Tests.Integration.csproj : warning NU1603: MonadoBlade.Tests.Integration depends on Microsoft.NET.Test.Sdk (>= 17.8.2) but Microsoft.NET.Test.Sdk 17.8.2 was not found. Microsoft.NET.Test.Sdk 17.9.0 was resolved instead. [C:\Users\ADMIN\MonadoBlade\MonadoBlade.sln]
C:\Users\ADMIN\MonadoBlade\tests\MonadoBlade.Tests.Performance\MonadoBlade.Tests.Performance.csproj : warning NU1603: MonadoBlade.Tests.Performance depends on Microsoft.NET.Test.Sdk (>= 17.8.2) but Microsoft.NET.Test.Sdk 17.8.2 was not found. Microsoft.NET.Test.Sdk 17.9.0 was resolved instead. [C:\Users\ADMIN\MonadoBlade\MonadoBlade.sln]
C:\Program Files\dotnet\sdk\10.0.201\Sdks\Microsoft.NET.Sdk\targets\Microsoft.NET.Sdk.DefaultItems.targets(162,5): warning NETSDK1137: It is no longer necessary to use the Microsoft.NET.Sdk.WindowsDesktop SDK. Consider changing the Sdk attribute of the root Project element to 'Microsoft.NET.Sdk'. [C:\Users\ADMIN\MonadoBlade\src\MonadoBlade.Graphics\MonadoBlade.Graphics.csproj]
C:\Program Files\dotnet\sdk\10.0.201\Sdks\Microsoft.NET.Sdk\targets\Microsoft.NET.Sdk.DefaultItems.targets(162,5): warning NETSDK1137: It is no longer necessary to use the Microsoft.NET.Sdk.WindowsDesktop SDK. Consider changing the Sdk attribute of the root Project element to 'Microsoft.NET.Sdk'. [C:\Users\ADMIN\MonadoBlade\src\MonadoBlade.Dashboard\MonadoBlade.Dashboard.csproj]
C:\Users\ADMIN\MonadoBlade\tests\MonadoBlade.Tests.Performance\MonadoBlade.Tests.Performance.csproj : warning NU1603: MonadoBlade.Tests.Performance depends on Microsoft.NET.Test.Sdk (>= 17.8.2) but Microsoft.NET.Test.Sdk 17.8.2 was not found. Microsoft.NET.Test.Sdk 17.9.0 was resolved instead.
C:\Users\ADMIN\MonadoBlade\tests\MonadoBlade.Tests.Integration\MonadoBlade.Tests.Integration.csproj : warning NU1603: MonadoBlade.Tests.Integration depends on Microsoft.NET.Test.Sdk (>= 17.8.2) but Microsoft.NET.Test.Sdk 17.8.2 was not found. Microsoft.NET.Test.Sdk 17.9.0 was resolved instead.
C:\Users\ADMIN\MonadoBlade\tests\MonadoBlade.Tests.Unit\MonadoBlade.Tests.Unit.csproj : warning NU1603: MonadoBlade.Tests.Unit depends on Microsoft.NET.Test.Sdk (>= 17.8.2) but Microsoft.NET.Test.Sdk 17.8.2 was not found. Microsoft.NET.Test.Sdk 17.9.0 was resolved instead.
C:\Program Files\dotnet\sdk\10.0.201\Sdks\Microsoft.NET.Sdk\targets\Microsoft.NET.Sdk.DefaultItems.targets(162,5): warning NETSDK1137: It is no longer necessary to use the Microsoft.NET.Sdk.WindowsDesktop SDK. Consider changing the Sdk attribute of the root Project element to 'Microsoft.NET.Sdk'. [C:\Users\ADMIN\MonadoBlade\src\MonadoBlade.GUI\MonadoBlade.GUI.csproj]
C:\Users\ADMIN\MonadoBlade\src\MonadoBlade.Core\Concurrency\LockFreeCollections.cs(76,7): warning CS1570: XML comment has badly formed XML -- 'End tag 'summary' does not match the start tag 'Event'.' [C:\Users\ADMIN\MonadoBlade\src\MonadoBlade.Core\MonadoBlade.Core.csproj]
C:\Users\ADMIN\MonadoBlade\src\MonadoBlade.Core\Concurrency\LockFreeCollections.cs(77,1): warning CS1570: XML comment has badly formed XML -- 'Expected an end tag for element 'T'.' [C:\Users\ADMIN\MonadoBlade\src\MonadoBlade.Core\MonadoBlade.Core.csproj]
C:\Users\ADMIN\MonadoBlade\src\MonadoBlade.Core\Concurrency\LockFreeCollections.cs(77,1): warning CS1570: XML comment has badly formed XML -- 'Expected an end tag for element 'summary'.' [C:\Users\ADMIN\MonadoBlade\src\MonadoBlade.Core\MonadoBlade.Core.csproj]
C:\Users\ADMIN\MonadoBlade\src\MonadoBlade.Core\Concurrency\LockFreeCollections.cs(171,60): warning CS1570: XML comment has badly formed XML -- 'The character(s) ',' cannot be used at this location.' [C:\Users\ADMIN\MonadoBlade\src\MonadoBlade.Core\MonadoBlade.Core.csproj]
C:\Users\ADMIN\MonadoBlade\src\MonadoBlade.Core\Concurrency\LockFreeCollections.cs(175,32): warning CS1570: XML comment has badly formed XML -- 'The character(s) ',' cannot be used at this location.' [C:\Users\ADMIN\MonadoBlade\src\MonadoBlade.Core\MonadoBlade.Core.csproj]
C:\Users\ADMIN\MonadoBlade\src\MonadoBlade.Core\Concurrency\LockFreeCollections.cs(186,7): warning CS1570: XML comment has badly formed XML -- 'End tag 'summary' does not match the start tag 'string'.' [C:\Users\ADMIN\MonadoBlade\src\MonadoBlade.Core\MonadoBlade.Core.csproj]
C:\Users\ADMIN\MonadoBlade\src\MonadoBlade.Core\Concurrency\LockFreeCollections.cs(187,1): warning CS1570: XML comment has badly formed XML -- 'Expected an end tag for element 'K'.' [C:\Users\ADMIN\MonadoBlade\src\MonadoBlade.Core\MonadoBlade.Core.csproj]
C:\Users\ADMIN\MonadoBlade\src\MonadoBlade.Core\Concurrency\LockFreeCollections.cs(187,1): warning CS1570: XML comment has badly formed XML -- 'Expected an end tag for element 'summary'.' [C:\Users\ADMIN\MonadoBlade\src\MonadoBlade.Core\MonadoBlade.Core.csproj]
C:\Users\ADMIN\MonadoBlade\src\MonadoBlade.Core\Concurrency\LockFreeCollections.cs(325,7): warning CS1570: XML comment has badly formed XML -- 'End tag 'summary' does not match the start tag 'object'.' [C:\Users\ADMIN\MonadoBlade\src\MonadoBlade.Core\MonadoBlade.Core.csproj]
C:\Users\ADMIN\MonadoBlade\src\MonadoBlade.Core\Concurrency\LockFreeCollections.cs(326,1): warning CS1570: XML comment has badly formed XML -- 'Expected an end tag for element 'T'.' [C:\Users\ADMIN\MonadoBlade\src\MonadoBlade.Core\MonadoBlade.Core.csproj]
C:\Users\ADMIN\MonadoBlade\src\MonadoBlade.Core\Concurrency\LockFreeCollections.cs(326,1): warning CS1570: XML comment has badly formed XML -- 'Expected an end tag for element 'summary'.' [C:\Users\ADMIN\MonadoBlade\src\MonadoBlade.Core\MonadoBlade.Core.csproj]
C:\Users\ADMIN\MonadoBlade\src\MonadoBlade.Core\Concurrency\LockFreeCollections.cs(440,7): warning CS1570: XML comment has badly formed XML -- 'End tag 'summary' does not match the start tag 'T'.' [C:\Users\ADMIN\MonadoBlade\src\MonadoBlade.Core\MonadoBlade.Core.csproj]
C:\Users\ADMIN\MonadoBlade\src\MonadoBlade.Core\Concurrency\LockFreeCollections.cs(441,1): warning CS1570: XML comment has badly formed XML -- 'Expected an end tag for element 'T'.' [C:\Users\ADMIN\MonadoBlade\src\MonadoBlade.Core\MonadoBlade.Core.csproj]
C:\Users\ADMIN\MonadoBlade\src\MonadoBlade.Core\Concurrency\LockFreeCollections.cs(441,1): warning CS1570: XML comment has badly formed XML -- 'Expected an end tag for element 'summary'.' [C:\Users\ADMIN\MonadoBlade\src\MonadoBlade.Core\MonadoBlade.Core.csproj]
C:\Users\ADMIN\MonadoBlade\src\MonadoBlade.Core\Observability\AdvancedMetrics.cs(11,36): warning CS1570: XML comment has badly formed XML -- 'Whitespace is not allowed at this location.' [C:\Users\ADMIN\MonadoBlade\src\MonadoBlade.Core\MonadoBlade.Core.csproj]
C:\Users\ADMIN\MonadoBlade\src\MonadoBlade.Core\Optimization\TaskBatchAccumulator.cs(26,11): warning CS1570: XML comment has badly formed XML -- 'End tag 'summary' does not match the start tag 'Message'.' [C:\Users\ADMIN\MonadoBlade\src\MonadoBlade.Core\MonadoBlade.Core.csproj]
C:\Users\ADMIN\MonadoBlade\src\MonadoBlade.Core\Optimization\TaskBatchAccumulator.cs(28,1): warning CS1570: XML comment has badly formed XML -- 'Expected an end tag for element 'summary'.' [C:\Users\ADMIN\MonadoBlade\src\MonadoBlade.Core\MonadoBlade.Core.csproj]
C:\Users\ADMIN\MonadoBlade\src\MonadoBlade.Core\Concurrency\TaskBatchAccumulator.cs(17,54): warning CS1570: XML comment has badly formed XML -- 'An identifier was expected.' [C:\Users\ADMIN\MonadoBlade\src\MonadoBlade.Core\MonadoBlade.Core.csproj]
C:\Users\ADMIN\MonadoBlade\src\MonadoBlade.Core\Concurrency\TaskBatchAccumulator.cs(17,54): warning CS1570: XML comment has badly formed XML -- 'The character(s) '5' cannot be used at this location.' [C:\Users\ADMIN\MonadoBlade\src\MonadoBlade.Core\MonadoBlade.Core.csproj]
C:\Users\ADMIN\MonadoBlade\src\MonadoBlade.Core\Concurrency\TaskBatchAccumulator.cs(23,27): warning CS1570: XML comment has badly formed XML -- 'An identifier was expected.' [C:\Users\ADMIN\MonadoBlade\src\MonadoBlade.Core\MonadoBlade.Core.csproj]
C:\Users\ADMIN\MonadoBlade\src\MonadoBlade.Core\Concurrency\TaskBatchAccumulator.cs(23,27): warning CS1570: XML comment has badly formed XML -- 'The character(s) '5' cannot be used at this location.' [C:\Users\ADMIN\MonadoBlade\src\MonadoBlade.Core\MonadoBlade.Core.csproj]
C:\Users\ADMIN\MonadoBlade\src\MonadoBlade.Core\Services\QueryService.cs(34,17): error CS1022: Type or namespace definition, or end-of-file expected [C:\Users\ADMIN\MonadoBlade\src\MonadoBlade.Core\MonadoBlade.Core.csproj]
C:\Users\ADMIN\MonadoBlade\src\MonadoBlade.Core\Services\QueryService.cs(34,18): error CS1022: Type or namespace definition, or end-of-file expected [C:\Users\ADMIN\MonadoBlade\src\MonadoBlade.Core\MonadoBlade.Core.csproj]
C:\Users\ADMIN\MonadoBlade\src\MonadoBlade.Core\Services\MutationService.cs(26,1): error CS1519: Invalid token '}' in a member declaration [C:\Users\ADMIN\MonadoBlade\src\MonadoBlade.Core\MonadoBlade.Core.csproj]
C:\Users\ADMIN\MonadoBlade\src\MonadoBlade.Core\Services\QueryService.cs(34,20): error CS8803: Top-level statements must precede namespace and type declarations. [C:\Users\ADMIN\MonadoBlade\src\MonadoBlade.Core\MonadoBlade.Core.csproj]
C:\Users\ADMIN\MonadoBlade\src\MonadoBlade.Core\Services\QueryService.cs(34,33): error CS1001: Identifier expected [C:\Users\ADMIN\MonadoBlade\src\MonadoBlade.Core\MonadoBlade.Core.csproj]
C:\Users\ADMIN\MonadoBlade\src\MonadoBlade.Core\Services\QueryService.cs(34,33): error CS1003: Syntax error, ',' expected [C:\Users\ADMIN\MonadoBlade\src\MonadoBlade.Core\MonadoBlade.Core.csproj]
C:\Users\ADMIN\MonadoBlade\src\MonadoBlade.Core\Services\QueryService.cs(34,38): error CS1002: ; expected [C:\Users\ADMIN\MonadoBlade\src\MonadoBlade.Core\MonadoBlade.Core.csproj]
C:\Users\ADMIN\MonadoBlade\src\MonadoBlade.Core\Services\QueryService.cs(35,13): error CS1022: Type or namespace definition, or end-of-file expected [C:\Users\ADMIN\MonadoBlade\src\MonadoBlade.Core\MonadoBlade.Core.csproj]
C:\Users\ADMIN\MonadoBlade\src\MonadoBlade.Core\Services\QueryService.cs(38,9): error CS1022: Type or namespace definition, or end-of-file expected [C:\Users\ADMIN\MonadoBlade\src\MonadoBlade.Core\MonadoBlade.Core.csproj]
C:\Users\ADMIN\MonadoBlade\src\MonadoBlade.Core\Services\QueryService.cs(39,9): error CS1022: Type or namespace definition, or end-of-file expected [C:\Users\ADMIN\MonadoBlade\src\MonadoBlade.Core\MonadoBlade.Core.csproj]
C:\Users\ADMIN\MonadoBlade\src\MonadoBlade.Core\Services\QueryService.cs(39,26): error CS1073: Unexpected token 'ex' [C:\Users\ADMIN\MonadoBlade\src\MonadoBlade.Core\MonadoBlade.Core.csproj]
C:\Users\ADMIN\MonadoBlade\src\MonadoBlade.Core\Services\QueryService.cs(39,29): error CS1002: ; expected [C:\Users\ADMIN\MonadoBlade\src\MonadoBlade.Core\MonadoBlade.Core.csproj]
C:\Users\ADMIN\MonadoBlade\src\MonadoBlade.Core\Services\QueryService.cs(44,5): error CS1022: Type or namespace definition, or end-of-file expected [C:\Users\ADMIN\MonadoBlade\src\MonadoBlade.Core\MonadoBlade.Core.csproj]
C:\Users\ADMIN\MonadoBlade\src\MonadoBlade.Core\Services\QueryService.cs(46,5): error CS0106: The modifier 'public' is not valid for this item [C:\Users\ADMIN\MonadoBlade\src\MonadoBlade.Core\MonadoBlade.Core.csproj]
C:\Users\ADMIN\MonadoBlade\src\MonadoBlade.Core\Services\QueryService.cs(90,5): error CS0106: The modifier 'public' is not valid for this item [C:\Users\ADMIN\MonadoBlade\src\MonadoBlade.Core\MonadoBlade.Core.csproj]
C:\Users\ADMIN\MonadoBlade\src\MonadoBlade.Core\Services\QueryService.cs(145,5): error CS0106: The modifier 'public' is not valid for this item [C:\Users\ADMIN\MonadoBlade\src\MonadoBlade.Core\MonadoBlade.Core.csproj]
C:\Users\ADMIN\MonadoBlade\src\MonadoBlade.Core\Services\QueryService.cs(159,5): error CS0106: The modifier 'public' is not valid for this item [C:\Users\ADMIN\MonadoBlade\src\MonadoBlade.Core\MonadoBlade.Core.csproj]
C:\Users\ADMIN\MonadoBlade\src\MonadoBlade.Core\Services\QueryService.cs(174,5): error CS0106: The modifier 'public' is not valid for this item [C:\Users\ADMIN\MonadoBlade\src\MonadoBlade.Core\MonadoBlade.Core.csproj]
C:\Users\ADMIN\MonadoBlade\src\MonadoBlade.Core\Services\QueryService.cs(200,5): error CS0106: The modifier 'public' is not valid for this item [C:\Users\ADMIN\MonadoBlade\src\MonadoBlade.Core\MonadoBlade.Core.csproj]
C:\Users\ADMIN\MonadoBlade\src\MonadoBlade.Core\Services\QueryService.cs(207,5): error CS0106: The modifier 'public' is not valid for this item [C:\Users\ADMIN\MonadoBlade\src\MonadoBlade.Core\MonadoBlade.Core.csproj]
C:\Users\ADMIN\MonadoBlade\src\MonadoBlade.Core\Services\QueryService.cs(215,1): error CS1022: Type or namespace definition, or end-of-file expected [C:\Users\ADMIN\MonadoBlade\src\MonadoBlade.Core\MonadoBlade.Core.csproj]
    30 Warning(s)
    21 Error(s)

Time Elapsed 00:00:00.82
