  Determining projects to restore...
C:\Users\ADMIN\MonadoBlade\tests\MonadoBlade.Tests.Performance\MonadoBlade.Tests.Performance.csproj : warning NU1603: MonadoBlade.Tests.Performance depends on Microsoft.NET.Test.Sdk (>= 17.8.2) but Microsoft.NET.Test.Sdk 17.8.2 was not found. Microsoft.NET.Test.Sdk 17.9.0 was resolved instead. [C:\Users\ADMIN\MonadoBlade\MonadoBlade.sln]
C:\Users\ADMIN\MonadoBlade\tests\MonadoBlade.Tests.Integration\MonadoBlade.Tests.Integration.csproj : warning NU1603: MonadoBlade.Tests.Integration depends on Microsoft.NET.Test.Sdk (>= 17.8.2) but Microsoft.NET.Test.Sdk 17.8.2 was not found. Microsoft.NET.Test.Sdk 17.9.0 was resolved instead. [C:\Users\ADMIN\MonadoBlade\MonadoBlade.sln]
C:\Users\ADMIN\MonadoBlade\tests\MonadoBlade.Tests.Unit\MonadoBlade.Tests.Unit.csproj : warning NU1603: MonadoBlade.Tests.Unit depends on Microsoft.NET.Test.Sdk (>= 17.8.2) but Microsoft.NET.Test.Sdk 17.8.2 was not found. Microsoft.NET.Test.Sdk 17.9.0 was resolved instead. [C:\Users\ADMIN\MonadoBlade\MonadoBlade.sln]
  All projects are up-to-date for restore.
C:\Program Files\dotnet\sdk\10.0.201\Sdks\Microsoft.NET.Sdk\targets\Microsoft.NET.Sdk.DefaultItems.targets(162,5): warning NETSDK1137: It is no longer necessary to use the Microsoft.NET.Sdk.WindowsDesktop SDK. Consider changing the Sdk attribute of the root Project element to 'Microsoft.NET.Sdk'. [C:\Users\ADMIN\MonadoBlade\src\MonadoBlade.Graphics\MonadoBlade.Graphics.csproj]
C:\Program Files\dotnet\sdk\10.0.201\Sdks\Microsoft.NET.Sdk\targets\Microsoft.NET.Sdk.DefaultItems.targets(162,5): warning NETSDK1137: It is no longer necessary to use the Microsoft.NET.Sdk.WindowsDesktop SDK. Consider changing the Sdk attribute of the root Project element to 'Microsoft.NET.Sdk'. [C:\Users\ADMIN\MonadoBlade\src\MonadoBlade.GUI\MonadoBlade.GUI.csproj]
C:\Program Files\dotnet\sdk\10.0.201\Sdks\Microsoft.NET.Sdk\targets\Microsoft.NET.Sdk.DefaultItems.targets(162,5): warning NETSDK1137: It is no longer necessary to use the Microsoft.NET.Sdk.WindowsDesktop SDK. Consider changing the Sdk attribute of the root Project element to 'Microsoft.NET.Sdk'. [C:\Users\ADMIN\MonadoBlade\src\MonadoBlade.Dashboard\MonadoBlade.Dashboard.csproj]
C:\Users\ADMIN\MonadoBlade\tests\MonadoBlade.Tests.Unit\MonadoBlade.Tests.Unit.csproj : warning NU1603: MonadoBlade.Tests.Unit depends on Microsoft.NET.Test.Sdk (>= 17.8.2) but Microsoft.NET.Test.Sdk 17.8.2 was not found. Microsoft.NET.Test.Sdk 17.9.0 was resolved instead.
C:\Users\ADMIN\MonadoBlade\tests\MonadoBlade.Tests.Integration\MonadoBlade.Tests.Integration.csproj : warning NU1603: MonadoBlade.Tests.Integration depends on Microsoft.NET.Test.Sdk (>= 17.8.2) but Microsoft.NET.Test.Sdk 17.8.2 was not found. Microsoft.NET.Test.Sdk 17.9.0 was resolved instead.
C:\Users\ADMIN\MonadoBlade\tests\MonadoBlade.Tests.Performance\MonadoBlade.Tests.Performance.csproj : warning NU1603: MonadoBlade.Tests.Performance depends on Microsoft.NET.Test.Sdk (>= 17.8.2) but Microsoft.NET.Test.Sdk 17.8.2 was not found. Microsoft.NET.Test.Sdk 17.9.0 was resolved instead.
C:\Users\ADMIN\MonadoBlade\src\MonadoBlade.Core\Concurrency\LockFreeCollections.cs(76,7): warning CS1570: XML comment has badly formed XML -- 'End tag 'summary' does not match the start tag 'Event'.' [C:\Users\ADMIN\MonadoBlade\src\MonadoBlade.Core\MonadoBlade.Core.csproj]
C:\Users\ADMIN\MonadoBlade\src\MonadoBlade.Core\Concurrency\LockFreeCollections.cs(77,1): warning CS1570: XML comment has badly formed XML -- 'Expected an end tag for element 'T'.' [C:\Users\ADMIN\MonadoBlade\src\MonadoBlade.Core\MonadoBlade.Core.csproj]
C:\Users\ADMIN\MonadoBlade\src\MonadoBlade.Core\Concurrency\LockFreeCollections.cs(77,1): warning CS1570: XML comment has badly formed XML -- 'Expected an end tag for element 'summary'.' [C:\Users\ADMIN\MonadoBlade\src\MonadoBlade.Core\MonadoBlade.Core.csproj]
C:\Users\ADMIN\MonadoBlade\src\MonadoBlade.Core\Concurrency\LockFreeCollections.cs(171,60): warning CS1570: XML comment has badly formed XML -- 'The character(s) ',' cannot be used at this location.' [C:\Users\ADMIN\MonadoBlade\src\MonadoBlade.Core\MonadoBlade.Core.csproj]
C:\Users\ADMIN\MonadoBlade\src\MonadoBlade.Core\Concurrency\LockFreeCollections.cs(175,32): warning CS1570: XML comment has badly formed XML -- 'The character(s) ',' cannot be used at this location.' [C:\Users\ADMIN\MonadoBlade\src\MonadoBlade.Core\MonadoBlade.Core.csproj]
C:\Users\ADMIN\MonadoBlade\src\MonadoBlade.Core\Concurrency\LockFreeCollections.cs(186,7): warning CS1570: XML comment has badly formed XML -- 'End tag 'summary' does not match the start tag 'string'.' [C:\Users\ADMIN\MonadoBlade\src\MonadoBlade.Core\MonadoBlade.Core.csproj]
C:\Users\ADMIN\MonadoBlade\src\MonadoBlade.Core\Concurrency\LockFreeCollections.cs(187,1): warning CS1570: XML comment has badly formed XML -- 'Expected an end tag for element 'K'.' [C:\Users\ADMIN\MonadoBlade\src\MonadoBlade.Core\MonadoBlade.Core.csproj]
C:\Users\ADMIN\MonadoBlade\src\MonadoBlade.Core\Concurrency\LockFreeCollections.cs(187,1): warning CS1570: XML comment has badly formed XML -- 'Expected an end tag for element 'summary'.' [C:\Users\ADMIN\MonadoBlade\src\MonadoBlade.Core\MonadoBlade.Core.csproj]
C:\Users\ADMIN\MonadoBlade\src\MonadoBlade.Core\Concurrency\LockFreeCollections.cs(325,7): warning CS1570: XML comment has badly formed XML -- 'End tag 'summary' does not match the start tag 'object'.' [C:\Users\ADMIN\MonadoBlade\src\MonadoBlade.Core\MonadoBlade.Core.csproj]
C:\Users\ADMIN\MonadoBlade\src\MonadoBlade.Core\Concurrency\LockFreeCollections.cs(326,1): warning CS1570: XML comment has badly formed XML -- 'Expected an end tag for element 'T'.' [C:\Users\ADMIN\MonadoBlade\src\MonadoBlade.Core\MonadoBlade.Core.csproj]
C:\Users\ADMIN\MonadoBlade\src\MonadoBlade.Core\Concurrency\LockFreeCollections.cs(326,1): warning CS1570: XML comment has badly formed XML -- 'Expected an end tag for element 'summary'.' [C:\Users\ADMIN\MonadoBlade\src\MonadoBlade.Core\MonadoBlade.Core.csproj]
C:\Users\ADMIN\MonadoBlade\src\MonadoBlade.Core\Concurrency\LockFreeCollections.cs(440,7): warning CS1570: XML comment has badly formed XML -- 'End tag 'summary' does not match the start tag 'T'.' [C:\Users\ADMIN\MonadoBlade\src\MonadoBlade.Core\MonadoBlade.Core.csproj]
C:\Users\ADMIN\MonadoBlade\src\MonadoBlade.Core\Concurrency\LockFreeCollections.cs(441,1): warning CS1570: XML comment has badly formed XML -- 'Expected an end tag for element 'T'.' [C:\Users\ADMIN\MonadoBlade\src\MonadoBlade.Core\MonadoBlade.Core.csproj]
C:\Users\ADMIN\MonadoBlade\src\MonadoBlade.Core\Concurrency\LockFreeCollections.cs(441,1): warning CS1570: XML comment has badly formed XML -- 'Expected an end tag for element 'summary'.' [C:\Users\ADMIN\MonadoBlade\src\MonadoBlade.Core\MonadoBlade.Core.csproj]
C:\Users\ADMIN\MonadoBlade\src\MonadoBlade.Core\Concurrency\TaskBatchAccumulator.cs(17,54): warning CS1570: XML comment has badly formed XML -- 'An identifier was expected.' [C:\Users\ADMIN\MonadoBlade\src\MonadoBlade.Core\MonadoBlade.Core.csproj]
C:\Users\ADMIN\MonadoBlade\src\MonadoBlade.Core\Concurrency\TaskBatchAccumulator.cs(17,54): warning CS1570: XML comment has badly formed XML -- 'The character(s) '5' cannot be used at this location.' [C:\Users\ADMIN\MonadoBlade\src\MonadoBlade.Core\MonadoBlade.Core.csproj]
C:\Users\ADMIN\MonadoBlade\src\MonadoBlade.Core\Observability\AdvancedMetrics.cs(11,36): warning CS1570: XML comment has badly formed XML -- 'Whitespace is not allowed at this location.' [C:\Users\ADMIN\MonadoBlade\src\MonadoBlade.Core\MonadoBlade.Core.csproj]
C:\Users\ADMIN\MonadoBlade\src\MonadoBlade.Core\Concurrency\TaskBatchAccumulator.cs(23,27): warning CS1570: XML comment has badly formed XML -- 'An identifier was expected.' [C:\Users\ADMIN\MonadoBlade\src\MonadoBlade.Core\MonadoBlade.Core.csproj]
C:\Users\ADMIN\MonadoBlade\src\MonadoBlade.Core\Concurrency\TaskBatchAccumulator.cs(23,27): warning CS1570: XML comment has badly formed XML -- 'The character(s) '5' cannot be used at this location.' [C:\Users\ADMIN\MonadoBlade\src\MonadoBlade.Core\MonadoBlade.Core.csproj]
C:\Users\ADMIN\MonadoBlade\src\MonadoBlade.Core\Optimization\TaskBatchAccumulator.cs(26,11): warning CS1570: XML comment has badly formed XML -- 'End tag 'summary' does not match the start tag 'Message'.' [C:\Users\ADMIN\MonadoBlade\src\MonadoBlade.Core\MonadoBlade.Core.csproj]
C:\Users\ADMIN\MonadoBlade\src\MonadoBlade.Core\Optimization\TaskBatchAccumulator.cs(28,1): warning CS1570: XML comment has badly formed XML -- 'Expected an end tag for element 'summary'.' [C:\Users\ADMIN\MonadoBlade\src\MonadoBlade.Core\MonadoBlade.Core.csproj]
C:\Users\ADMIN\MonadoBlade\src\MonadoBlade.Core\Caching\CacheEntry.cs(55,103): warning CS8625: Cannot convert null literal to non-nullable reference type. [C:\Users\ADMIN\MonadoBlade\src\MonadoBlade.Core\MonadoBlade.Core.csproj]
C:\Users\ADMIN\MonadoBlade\src\MonadoBlade.Core\Database\QueryOptimization.cs(16,77): warning CS8625: Cannot convert null literal to non-nullable reference type. [C:\Users\ADMIN\MonadoBlade\src\MonadoBlade.Core\MonadoBlade.Core.csproj]
C:\Users\ADMIN\MonadoBlade\src\MonadoBlade.Core\Database\QueryOptimization.cs(39,84): warning CS8625: Cannot convert null literal to non-nullable reference type. [C:\Users\ADMIN\MonadoBlade\src\MonadoBlade.Core\MonadoBlade.Core.csproj]
C:\Users\ADMIN\MonadoBlade\src\MonadoBlade.Core\Caching\CacheInvalidationPatterns.cs(128,51): warning CS8625: Cannot convert null literal to non-nullable reference type. [C:\Users\ADMIN\MonadoBlade\src\MonadoBlade.Core\MonadoBlade.Core.csproj]
C:\Users\ADMIN\MonadoBlade\src\MonadoBlade.Core\Caching\DistributedCacheWrapper.cs(114,64): warning CS8625: Cannot convert null literal to non-nullable reference type. [C:\Users\ADMIN\MonadoBlade\src\MonadoBlade.Core\MonadoBlade.Core.csproj]
C:\Users\ADMIN\MonadoBlade\src\MonadoBlade.Core\Caching\DistributedCacheWrapper.cs(121,78): warning CS8625: Cannot convert null literal to non-nullable reference type. [C:\Users\ADMIN\MonadoBlade\src\MonadoBlade.Core\MonadoBlade.Core.csproj]
C:\Users\ADMIN\MonadoBlade\src\MonadoBlade.Core\Caching\IntelligentCache.cs(193,104): warning CS8625: Cannot convert null literal to non-nullable reference type. [C:\Users\ADMIN\MonadoBlade\src\MonadoBlade.Core\MonadoBlade.Core.csproj]
C:\Users\ADMIN\MonadoBlade\src\MonadoBlade.Core\Caching\IntelligentCache.cs(234,103): warning CS8625: Cannot convert null literal to non-nullable reference type. [C:\Users\ADMIN\MonadoBlade\src\MonadoBlade.Core\MonadoBlade.Core.csproj]
C:\Users\ADMIN\MonadoBlade\src\MonadoBlade.Core\HELIOS\AIHubConnector.cs(54,86): warning CS8625: Cannot convert null literal to non-nullable reference type. [C:\Users\ADMIN\MonadoBlade\src\MonadoBlade.Core\MonadoBlade.Core.csproj]
C:\Users\ADMIN\MonadoBlade\src\MonadoBlade.Core\Integrations\EventPublisherCoalescingExample.cs(32,34): warning CS8765: Nullability of type of parameter 'obj' doesn't match overridden member (possibly because of nullability attributes). [C:\Users\ADMIN\MonadoBlade\src\MonadoBlade.Core\MonadoBlade.Core.csproj]
C:\Users\ADMIN\MonadoBlade\src\MonadoBlade.Core\Observability\AdvancedMetrics.cs(16,88): warning CS8625: Cannot convert null literal to non-nullable reference type. [C:\Users\ADMIN\MonadoBlade\src\MonadoBlade.Core\MonadoBlade.Core.csproj]
C:\Users\ADMIN\MonadoBlade\src\MonadoBlade.Core\Observability\AdvancedMetrics.cs(17,102): warning CS8625: Cannot convert null literal to non-nullable reference type. [C:\Users\ADMIN\MonadoBlade\src\MonadoBlade.Core\MonadoBlade.Core.csproj]
C:\Users\ADMIN\MonadoBlade\src\MonadoBlade.Core\Messaging\MessageCoalescer.cs(18,69): warning CS8714: The type 'TKey' cannot be used as type parameter 'TKey' in the generic type or method 'ConcurrentDictionary<TKey, TValue>'. Nullability of type argument 'TKey' doesn't match 'notnull' constraint. [C:\Users\ADMIN\MonadoBlade\src\MonadoBlade.Core\MonadoBlade.Core.csproj]
C:\Users\ADMIN\MonadoBlade\src\MonadoBlade.Core\Data\DataAccessLayer.cs(407,22): error CS0246: The type or namespace name 'IDbContextTransaction' could not be found (are you missing a using directive or an assembly reference?) [C:\Users\ADMIN\MonadoBlade\src\MonadoBlade.Core\MonadoBlade.Core.csproj]
C:\Users\ADMIN\MonadoBlade\src\MonadoBlade.Core\Data\DataAccessLayer.cs(413,31): error CS0246: The type or namespace name 'IDbContextTransaction' could not be found (are you missing a using directive or an assembly reference?) [C:\Users\ADMIN\MonadoBlade\src\MonadoBlade.Core\MonadoBlade.Core.csproj]
C:\Users\ADMIN\MonadoBlade\src\MonadoBlade.Core\Observability\AdvancedMetrics.cs(54,95): warning CS8625: Cannot convert null literal to non-nullable reference type. [C:\Users\ADMIN\MonadoBlade\src\MonadoBlade.Core\MonadoBlade.Core.csproj]
C:\Users\ADMIN\MonadoBlade\src\MonadoBlade.Core\Observability\AdvancedMetrics.cs(79,109): warning CS8625: Cannot convert null literal to non-nullable reference type. [C:\Users\ADMIN\MonadoBlade\src\MonadoBlade.Core\MonadoBlade.Core.csproj]
C:\Users\ADMIN\MonadoBlade\src\MonadoBlade.Core\Observability\AdvancedMetrics.cs(196,117): warning CS8625: Cannot convert null literal to non-nullable reference type. [C:\Users\ADMIN\MonadoBlade\src\MonadoBlade.Core\MonadoBlade.Core.csproj]
C:\Users\ADMIN\MonadoBlade\src\MonadoBlade.Core\SystemIntegration\WindowsSystemBridge.cs(119,59): warning CS8625: Cannot convert null literal to non-nullable reference type. [C:\Users\ADMIN\MonadoBlade\src\MonadoBlade.Core\MonadoBlade.Core.csproj]
C:\Users\ADMIN\MonadoBlade\src\MonadoBlade.Core\Services\CloudSyncService.cs(15,39): warning CS0108: 'CloudSyncService._cache' hides inherited member 'ServiceBase._cache'. Use the new keyword if hiding was intended. [C:\Users\ADMIN\MonadoBlade\src\MonadoBlade.Core\MonadoBlade.Core.csproj]
C:\Users\ADMIN\MonadoBlade\src\MonadoBlade.Core\Services\CloudSyncService.cs(13,46): error CS0535: 'CloudSyncService' does not implement interface member 'ICloudSyncService.SyncAsync(string)' [C:\Users\ADMIN\MonadoBlade\src\MonadoBlade.Core\MonadoBlade.Core.csproj]
C:\Users\ADMIN\MonadoBlade\src\MonadoBlade.Core\Services\CloudSyncService.cs(13,46): error CS0535: 'CloudSyncService' does not implement interface member 'ICloudSyncService.GetStatusAsync(string)' [C:\Users\ADMIN\MonadoBlade\src\MonadoBlade.Core\MonadoBlade.Core.csproj]
C:\Users\ADMIN\MonadoBlade\src\MonadoBlade.Core\Services\CloudSyncService.cs(13,46): error CS0535: 'CloudSyncService' does not implement interface member 'ICloudSyncService.ResolveConflictAsync(ConflictDetails, ConflictResolution)' [C:\Users\ADMIN\MonadoBlade\src\MonadoBlade.Core\MonadoBlade.Core.csproj]
C:\Users\ADMIN\MonadoBlade\src\MonadoBlade.Core\Services\CloudSyncService.cs(13,46): error CS0535: 'CloudSyncService' does not implement interface member 'ICloudSyncService.GetConflictsAsync()' [C:\Users\ADMIN\MonadoBlade\src\MonadoBlade.Core\MonadoBlade.Core.csproj]
C:\Users\ADMIN\MonadoBlade\src\MonadoBlade.Core\Services\CloudSyncService.cs(13,46): error CS0535: 'CloudSyncService' does not implement interface member 'ICloudSyncService.SubscribeToSyncCompleted(Func<string, Task>)' [C:\Users\ADMIN\MonadoBlade\src\MonadoBlade.Core\MonadoBlade.Core.csproj]
C:\Users\ADMIN\MonadoBlade\src\MonadoBlade.Core\Services\CloudSyncService.cs(13,46): error CS0535: 'CloudSyncService' does not implement interface member 'ICloudSyncService.SetAutoSyncIntervalAsync(TimeSpan)' [C:\Users\ADMIN\MonadoBlade\src\MonadoBlade.Core\MonadoBlade.Core.csproj]
C:\Users\ADMIN\MonadoBlade\src\MonadoBlade.Core\Services\CloudSyncService.cs(13,46): error CS0535: 'CloudSyncService' does not implement interface member 'ICloudSyncService.PauseAutoSyncAsync()' [C:\Users\ADMIN\MonadoBlade\src\MonadoBlade.Core\MonadoBlade.Core.csproj]
C:\Users\ADMIN\MonadoBlade\src\MonadoBlade.Core\Services\CloudSyncService.cs(13,46): error CS0535: 'CloudSyncService' does not implement interface member 'ICloudSyncService.ResumeAutoSyncAsync()' [C:\Users\ADMIN\MonadoBlade\src\MonadoBlade.Core\MonadoBlade.Core.csproj]
C:\Users\ADMIN\MonadoBlade\src\MonadoBlade.Core\UI\AppStateManagement.cs(148,90): warning CS8625: Cannot convert null literal to non-nullable reference type. [C:\Users\ADMIN\MonadoBlade\src\MonadoBlade.Core\MonadoBlade.Core.csproj]
C:\Users\ADMIN\MonadoBlade\src\MonadoBlade.Core\UI\AppStateManagement.cs(225,81): warning CS8625: Cannot convert null literal to non-nullable reference type. [C:\Users\ADMIN\MonadoBlade\src\MonadoBlade.Core\MonadoBlade.Core.csproj]
C:\Users\ADMIN\MonadoBlade\src\MonadoBlade.Core\UI\AppStateManagement.cs(271,85): warning CS8625: Cannot convert null literal to non-nullable reference type. [C:\Users\ADMIN\MonadoBlade\src\MonadoBlade.Core\MonadoBlade.Core.csproj]
C:\Users\ADMIN\MonadoBlade\src\MonadoBlade.Core\Services\MLService.cs(14,39): warning CS0108: 'MLService._cache' hides inherited member 'ServiceBase._cache'. Use the new keyword if hiding was intended. [C:\Users\ADMIN\MonadoBlade\src\MonadoBlade.Core\MonadoBlade.Core.csproj]
C:\Users\ADMIN\MonadoBlade\src\MonadoBlade.Core\Services\MLService.cs(12,39): error CS0535: 'MLService' does not implement interface member 'IMLService.QueryAsync(string, AIOptions?)' [C:\Users\ADMIN\MonadoBlade\src\MonadoBlade.Core\MonadoBlade.Core.csproj]
C:\Users\ADMIN\MonadoBlade\src\MonadoBlade.Core\Services\MLService.cs(12,39): error CS0535: 'MLService' does not implement interface member 'IMLService.GetEmbeddingAsync(string)' [C:\Users\ADMIN\MonadoBlade\src\MonadoBlade.Core\MonadoBlade.Core.csproj]
C:\Users\ADMIN\MonadoBlade\src\MonadoBlade.Core\Services\MLService.cs(12,39): error CS0535: 'MLService' does not implement interface member 'IMLService.SelectBestProviderAsync(QueryContext)' [C:\Users\ADMIN\MonadoBlade\src\MonadoBlade.Core\MonadoBlade.Core.csproj]
C:\Users\ADMIN\MonadoBlade\src\MonadoBlade.Core\Services\MLService.cs(12,39): error CS0535: 'MLService' does not implement interface member 'IMLService.StreamAsync(string, AIOptions?)' [C:\Users\ADMIN\MonadoBlade\src\MonadoBlade.Core\MonadoBlade.Core.csproj]
C:\Users\ADMIN\MonadoBlade\src\MonadoBlade.Core\Services\MLService.cs(12,39): error CS0535: 'MLService' does not implement interface member 'IMLService.AnalyzeSentimentAsync(string)' [C:\Users\ADMIN\MonadoBlade\src\MonadoBlade.Core\MonadoBlade.Core.csproj]
C:\Users\ADMIN\MonadoBlade\src\MonadoBlade.Core\Services\MLService.cs(12,39): error CS0535: 'MLService' does not implement interface member 'IMLService.ExtractEntitiesAsync(string)' [C:\Users\ADMIN\MonadoBlade\src\MonadoBlade.Core\MonadoBlade.Core.csproj]
C:\Users\ADMIN\MonadoBlade\src\MonadoBlade.Core\Services\MLService.cs(12,39): error CS0535: 'MLService' does not implement interface member 'IMLService.SummarizeAsync(string, int)' [C:\Users\ADMIN\MonadoBlade\src\MonadoBlade.Core\MonadoBlade.Core.csproj]
C:\Users\ADMIN\MonadoBlade\src\MonadoBlade.Core\Services\MLService.cs(12,39): error CS0535: 'MLService' does not implement interface member 'IMLService.GetProviderMetricsAsync()' [C:\Users\ADMIN\MonadoBlade\src\MonadoBlade.Core\MonadoBlade.Core.csproj]
C:\Users\ADMIN\MonadoBlade\src\MonadoBlade.Core\Services\PluginService.cs(14,39): warning CS0108: 'PluginService._cache' hides inherited member 'ServiceBase._cache'. Use the new keyword if hiding was intended. [C:\Users\ADMIN\MonadoBlade\src\MonadoBlade.Core\MonadoBlade.Core.csproj]
C:\Users\ADMIN\MonadoBlade\src\MonadoBlade.Core\Services\PluginService.cs(11,43): error CS0535: 'PluginService' does not implement interface member 'IPluginService.DiscoverPluginsAsync()' [C:\Users\ADMIN\MonadoBlade\src\MonadoBlade.Core\MonadoBlade.Core.csproj]
C:\Users\ADMIN\MonadoBlade\src\MonadoBlade.Core\Services\PluginService.cs(11,43): error CS0535: 'PluginService' does not implement interface member 'IPluginService.LoadPluginAsync(string)' [C:\Users\ADMIN\MonadoBlade\src\MonadoBlade.Core\MonadoBlade.Core.csproj]
C:\Users\ADMIN\MonadoBlade\src\MonadoBlade.Core\Services\PluginService.cs(11,43): error CS0535: 'PluginService' does not implement interface member 'IPluginService.UnloadPluginAsync(string)' [C:\Users\ADMIN\MonadoBlade\src\MonadoBlade.Core\MonadoBlade.Core.csproj]
C:\Users\ADMIN\MonadoBlade\src\MonadoBlade.Core\Services\PluginService.cs(11,43): error CS0535: 'PluginService' does not implement interface member 'IPluginService.ExecutePluginAsync(string, string, params object?[])' [C:\Users\ADMIN\MonadoBlade\src\MonadoBlade.Core\MonadoBlade.Core.csproj]
C:\Users\ADMIN\MonadoBlade\src\MonadoBlade.Core\Services\PluginService.cs(11,43): error CS0535: 'PluginService' does not implement interface member 'IPluginService.RegisterPluginAsync(PluginMetadata)' [C:\Users\ADMIN\MonadoBlade\src\MonadoBlade.Core\MonadoBlade.Core.csproj]
C:\Users\ADMIN\MonadoBlade\src\MonadoBlade.Core\Services\PluginService.cs(11,43): error CS0535: 'PluginService' does not implement interface member 'IPluginService.UnregisterPluginAsync(string)' [C:\Users\ADMIN\MonadoBlade\src\MonadoBlade.Core\MonadoBlade.Core.csproj]
C:\Users\ADMIN\MonadoBlade\src\MonadoBlade.Core\Services\PluginService.cs(11,43): error CS0535: 'PluginService' does not implement interface member 'IPluginService.GetLoadedPluginsAsync()' [C:\Users\ADMIN\MonadoBlade\src\MonadoBlade.Core\MonadoBlade.Core.csproj]
C:\Users\ADMIN\MonadoBlade\src\MonadoBlade.Core\Services\PluginService.cs(11,43): error CS0535: 'PluginService' does not implement interface member 'IPluginService.GetPluginAsync(string)' [C:\Users\ADMIN\MonadoBlade\src\MonadoBlade.Core\MonadoBlade.Core.csproj]
C:\Users\ADMIN\MonadoBlade\src\MonadoBlade.Core\Services\PluginService.cs(11,43): error CS0535: 'PluginService' does not implement interface member 'IPluginService.HasPermissionAsync(string, string)' [C:\Users\ADMIN\MonadoBlade\src\MonadoBlade.Core\MonadoBlade.Core.csproj]
C:\Users\ADMIN\MonadoBlade\src\MonadoBlade.Core\Services\PluginService.cs(11,43): error CS0535: 'PluginService' does not implement interface member 'IPluginService.GrantPermissionAsync(string, string)' [C:\Users\ADMIN\MonadoBlade\src\MonadoBlade.Core\MonadoBlade.Core.csproj]
C:\Users\ADMIN\MonadoBlade\src\MonadoBlade.Core\Services\PluginService.cs(11,43): error CS0535: 'PluginService' does not implement interface member 'IPluginService.RevokePermissionAsync(string, string)' [C:\Users\ADMIN\MonadoBlade\src\MonadoBlade.Core\MonadoBlade.Core.csproj]
C:\Users\ADMIN\MonadoBlade\src\MonadoBlade.Core\Services\MutationService.cs(9,22): error CS0246: The type or namespace name 'IDataAccessLayer' could not be found (are you missing a using directive or an assembly reference?) [C:\Users\ADMIN\MonadoBlade\src\MonadoBlade.Core\MonadoBlade.Core.csproj]
C:\Users\ADMIN\MonadoBlade\src\MonadoBlade.Core\Services\MutationService.cs(11,44): error CS0246: The type or namespace name 'IDataAccessLayer' could not be found (are you missing a using directive or an assembly reference?) [C:\Users\ADMIN\MonadoBlade\src\MonadoBlade.Core\MonadoBlade.Core.csproj]
C:\Users\ADMIN\MonadoBlade\src\MonadoBlade.Core\Services\QueryService.cs(9,22): error CS0246: The type or namespace name 'IDataAccessLayer' could not be found (are you missing a using directive or an assembly reference?) [C:\Users\ADMIN\MonadoBlade\src\MonadoBlade.Core\MonadoBlade.Core.csproj]
C:\Users\ADMIN\MonadoBlade\src\MonadoBlade.Core\Services\QueryService.cs(11,41): error CS0246: The type or namespace name 'IDataAccessLayer' could not be found (are you missing a using directive or an assembly reference?) [C:\Users\ADMIN\MonadoBlade\src\MonadoBlade.Core\MonadoBlade.Core.csproj]
C:\Users\ADMIN\MonadoBlade\src\MonadoBlade.Core\Services\SubscribeService.cs(78,52): warning CS8425: Async-iterator 'SubscribeService.GetChangeFeedAsync<T>(long?, CancellationToken)' has one or more parameters of type 'CancellationToken' but none of them is decorated with the 'EnumeratorCancellation' attribute, so the cancellation token parameter from the generated 'IAsyncEnumerable<>.GetAsyncEnumerator' will be unconsumed [C:\Users\ADMIN\MonadoBlade\src\MonadoBlade.Core\MonadoBlade.Core.csproj]

Build FAILED.

C:\Users\ADMIN\MonadoBlade\tests\MonadoBlade.Tests.Performance\MonadoBlade.Tests.Performance.csproj : warning NU1603: MonadoBlade.Tests.Performance depends on Microsoft.NET.Test.Sdk (>= 17.8.2) but Microsoft.NET.Test.Sdk 17.8.2 was not found. Microsoft.NET.Test.Sdk 17.9.0 was resolved instead. [C:\Users\ADMIN\MonadoBlade\MonadoBlade.sln]
C:\Users\ADMIN\MonadoBlade\tests\MonadoBlade.Tests.Integration\MonadoBlade.Tests.Integration.csproj : warning NU1603: MonadoBlade.Tests.Integration depends on Microsoft.NET.Test.Sdk (>= 17.8.2) but Microsoft.NET.Test.Sdk 17.8.2 was not found. Microsoft.NET.Test.Sdk 17.9.0 was resolved instead. [C:\Users\ADMIN\MonadoBlade\MonadoBlade.sln]
C:\Users\ADMIN\MonadoBlade\tests\MonadoBlade.Tests.Unit\MonadoBlade.Tests.Unit.csproj : warning NU1603: MonadoBlade.Tests.Unit depends on Microsoft.NET.Test.Sdk (>= 17.8.2) but Microsoft.NET.Test.Sdk 17.8.2 was not found. Microsoft.NET.Test.Sdk 17.9.0 was resolved instead. [C:\Users\ADMIN\MonadoBlade\MonadoBlade.sln]
C:\Program Files\dotnet\sdk\10.0.201\Sdks\Microsoft.NET.Sdk\targets\Microsoft.NET.Sdk.DefaultItems.targets(162,5): warning NETSDK1137: It is no longer necessary to use the Microsoft.NET.Sdk.WindowsDesktop SDK. Consider changing the Sdk attribute of the root Project element to 'Microsoft.NET.Sdk'. [C:\Users\ADMIN\MonadoBlade\src\MonadoBlade.Graphics\MonadoBlade.Graphics.csproj]
C:\Program Files\dotnet\sdk\10.0.201\Sdks\Microsoft.NET.Sdk\targets\Microsoft.NET.Sdk.DefaultItems.targets(162,5): warning NETSDK1137: It is no longer necessary to use the Microsoft.NET.Sdk.WindowsDesktop SDK. Consider changing the Sdk attribute of the root Project element to 'Microsoft.NET.Sdk'. [C:\Users\ADMIN\MonadoBlade\src\MonadoBlade.GUI\MonadoBlade.GUI.csproj]
C:\Program Files\dotnet\sdk\10.0.201\Sdks\Microsoft.NET.Sdk\targets\Microsoft.NET.Sdk.DefaultItems.targets(162,5): warning NETSDK1137: It is no longer necessary to use the Microsoft.NET.Sdk.WindowsDesktop SDK. Consider changing the Sdk attribute of the root Project element to 'Microsoft.NET.Sdk'. [C:\Users\ADMIN\MonadoBlade\src\MonadoBlade.Dashboard\MonadoBlade.Dashboard.csproj]
C:\Users\ADMIN\MonadoBlade\tests\MonadoBlade.Tests.Unit\MonadoBlade.Tests.Unit.csproj : warning NU1603: MonadoBlade.Tests.Unit depends on Microsoft.NET.Test.Sdk (>= 17.8.2) but Microsoft.NET.Test.Sdk 17.8.2 was not found. Microsoft.NET.Test.Sdk 17.9.0 was resolved instead.
C:\Users\ADMIN\MonadoBlade\tests\MonadoBlade.Tests.Integration\MonadoBlade.Tests.Integration.csproj : warning NU1603: MonadoBlade.Tests.Integration depends on Microsoft.NET.Test.Sdk (>= 17.8.2) but Microsoft.NET.Test.Sdk 17.8.2 was not found. Microsoft.NET.Test.Sdk 17.9.0 was resolved instead.
C:\Users\ADMIN\MonadoBlade\tests\MonadoBlade.Tests.Performance\MonadoBlade.Tests.Performance.csproj : warning NU1603: MonadoBlade.Tests.Performance depends on Microsoft.NET.Test.Sdk (>= 17.8.2) but Microsoft.NET.Test.Sdk 17.8.2 was not found. Microsoft.NET.Test.Sdk 17.9.0 was resolved instead.
C:\Users\ADMIN\MonadoBlade\src\MonadoBlade.Core\Concurrency\LockFreeCollections.cs(76,7): warning CS1570: XML comment has badly formed XML -- 'End tag 'summary' does not match the start tag 'Event'.' [C:\Users\ADMIN\MonadoBlade\src\MonadoBlade.Core\MonadoBlade.Core.csproj]
C:\Users\ADMIN\MonadoBlade\src\MonadoBlade.Core\Concurrency\LockFreeCollections.cs(77,1): warning CS1570: XML comment has badly formed XML -- 'Expected an end tag for element 'T'.' [C:\Users\ADMIN\MonadoBlade\src\MonadoBlade.Core\MonadoBlade.Core.csproj]
C:\Users\ADMIN\MonadoBlade\src\MonadoBlade.Core\Concurrency\LockFreeCollections.cs(77,1): warning CS1570: XML comment has badly formed XML -- 'Expected an end tag for element 'summary'.' [C:\Users\ADMIN\MonadoBlade\src\MonadoBlade.Core\MonadoBlade.Core.csproj]
C:\Users\ADMIN\MonadoBlade\src\MonadoBlade.Core\Concurrency\LockFreeCollections.cs(171,60): warning CS1570: XML comment has badly formed XML -- 'The character(s) ',' cannot be used at this location.' [C:\Users\ADMIN\MonadoBlade\src\MonadoBlade.Core\MonadoBlade.Core.csproj]
C:\Users\ADMIN\MonadoBlade\src\MonadoBlade.Core\Concurrency\LockFreeCollections.cs(175,32): warning CS1570: XML comment has badly formed XML -- 'The character(s) ',' cannot be used at this location.' [C:\Users\ADMIN\MonadoBlade\src\MonadoBlade.Core\MonadoBlade.Core.csproj]
C:\Users\ADMIN\MonadoBlade\src\MonadoBlade.Core\Concurrency\LockFreeCollections.cs(186,7): warning CS1570: XML comment has badly formed XML -- 'End tag 'summary' does not match the start tag 'string'.' [C:\Users\ADMIN\MonadoBlade\src\MonadoBlade.Core\MonadoBlade.Core.csproj]
C:\Users\ADMIN\MonadoBlade\src\MonadoBlade.Core\Concurrency\LockFreeCollections.cs(187,1): warning CS1570: XML comment has badly formed XML -- 'Expected an end tag for element 'K'.' [C:\Users\ADMIN\MonadoBlade\src\MonadoBlade.Core\MonadoBlade.Core.csproj]
C:\Users\ADMIN\MonadoBlade\src\MonadoBlade.Core\Concurrency\LockFreeCollections.cs(187,1): warning CS1570: XML comment has badly formed XML -- 'Expected an end tag for element 'summary'.' [C:\Users\ADMIN\MonadoBlade\src\MonadoBlade.Core\MonadoBlade.Core.csproj]
C:\Users\ADMIN\MonadoBlade\src\MonadoBlade.Core\Concurrency\LockFreeCollections.cs(325,7): warning CS1570: XML comment has badly formed XML -- 'End tag 'summary' does not match the start tag 'object'.' [C:\Users\ADMIN\MonadoBlade\src\MonadoBlade.Core\MonadoBlade.Core.csproj]
C:\Users\ADMIN\MonadoBlade\src\MonadoBlade.Core\Concurrency\LockFreeCollections.cs(326,1): warning CS1570: XML comment has badly formed XML -- 'Expected an end tag for element 'T'.' [C:\Users\ADMIN\MonadoBlade\src\MonadoBlade.Core\MonadoBlade.Core.csproj]
C:\Users\ADMIN\MonadoBlade\src\MonadoBlade.Core\Concurrency\LockFreeCollections.cs(326,1): warning CS1570: XML comment has badly formed XML -- 'Expected an end tag for element 'summary'.' [C:\Users\ADMIN\MonadoBlade\src\MonadoBlade.Core\MonadoBlade.Core.csproj]
C:\Users\ADMIN\MonadoBlade\src\MonadoBlade.Core\Concurrency\LockFreeCollections.cs(440,7): warning CS1570: XML comment has badly formed XML -- 'End tag 'summary' does not match the start tag 'T'.' [C:\Users\ADMIN\MonadoBlade\src\MonadoBlade.Core\MonadoBlade.Core.csproj]
C:\Users\ADMIN\MonadoBlade\src\MonadoBlade.Core\Concurrency\LockFreeCollections.cs(441,1): warning CS1570: XML comment has badly formed XML -- 'Expected an end tag for element 'T'.' [C:\Users\ADMIN\MonadoBlade\src\MonadoBlade.Core\MonadoBlade.Core.csproj]
C:\Users\ADMIN\MonadoBlade\src\MonadoBlade.Core\Concurrency\LockFreeCollections.cs(441,1): warning CS1570: XML comment has badly formed XML -- 'Expected an end tag for element 'summary'.' [C:\Users\ADMIN\MonadoBlade\src\MonadoBlade.Core\MonadoBlade.Core.csproj]
C:\Users\ADMIN\MonadoBlade\src\MonadoBlade.Core\Concurrency\TaskBatchAccumulator.cs(17,54): warning CS1570: XML comment has badly formed XML -- 'An identifier was expected.' [C:\Users\ADMIN\MonadoBlade\src\MonadoBlade.Core\MonadoBlade.Core.csproj]
C:\Users\ADMIN\MonadoBlade\src\MonadoBlade.Core\Concurrency\TaskBatchAccumulator.cs(17,54): warning CS1570: XML comment has badly formed XML -- 'The character(s) '5' cannot be used at this location.' [C:\Users\ADMIN\MonadoBlade\src\MonadoBlade.Core\MonadoBlade.Core.csproj]
C:\Users\ADMIN\MonadoBlade\src\MonadoBlade.Core\Observability\AdvancedMetrics.cs(11,36): warning CS1570: XML comment has badly formed XML -- 'Whitespace is not allowed at this location.' [C:\Users\ADMIN\MonadoBlade\src\MonadoBlade.Core\MonadoBlade.Core.csproj]
C:\Users\ADMIN\MonadoBlade\src\MonadoBlade.Core\Concurrency\TaskBatchAccumulator.cs(23,27): warning CS1570: XML comment has badly formed XML -- 'An identifier was expected.' [C:\Users\ADMIN\MonadoBlade\src\MonadoBlade.Core\MonadoBlade.Core.csproj]
C:\Users\ADMIN\MonadoBlade\src\MonadoBlade.Core\Concurrency\TaskBatchAccumulator.cs(23,27): warning CS1570: XML comment has badly formed XML -- 'The character(s) '5' cannot be used at this location.' [C:\Users\ADMIN\MonadoBlade\src\MonadoBlade.Core\MonadoBlade.Core.csproj]
C:\Users\ADMIN\MonadoBlade\src\MonadoBlade.Core\Optimization\TaskBatchAccumulator.cs(26,11): warning CS1570: XML comment has badly formed XML -- 'End tag 'summary' does not match the start tag 'Message'.' [C:\Users\ADMIN\MonadoBlade\src\MonadoBlade.Core\MonadoBlade.Core.csproj]
C:\Users\ADMIN\MonadoBlade\src\MonadoBlade.Core\Optimization\TaskBatchAccumulator.cs(28,1): warning CS1570: XML comment has badly formed XML -- 'Expected an end tag for element 'summary'.' [C:\Users\ADMIN\MonadoBlade\src\MonadoBlade.Core\MonadoBlade.Core.csproj]
C:\Users\ADMIN\MonadoBlade\src\MonadoBlade.Core\Caching\CacheEntry.cs(55,103): warning CS8625: Cannot convert null literal to non-nullable reference type. [C:\Users\ADMIN\MonadoBlade\src\MonadoBlade.Core\MonadoBlade.Core.csproj]
C:\Users\ADMIN\MonadoBlade\src\MonadoBlade.Core\Database\QueryOptimization.cs(16,77): warning CS8625: Cannot convert null literal to non-nullable reference type. [C:\Users\ADMIN\MonadoBlade\src\MonadoBlade.Core\MonadoBlade.Core.csproj]
C:\Users\ADMIN\MonadoBlade\src\MonadoBlade.Core\Database\QueryOptimization.cs(39,84): warning CS8625: Cannot convert null literal to non-nullable reference type. [C:\Users\ADMIN\MonadoBlade\src\MonadoBlade.Core\MonadoBlade.Core.csproj]
C:\Users\ADMIN\MonadoBlade\src\MonadoBlade.Core\Caching\CacheInvalidationPatterns.cs(128,51): warning CS8625: Cannot convert null literal to non-nullable reference type. [C:\Users\ADMIN\MonadoBlade\src\MonadoBlade.Core\MonadoBlade.Core.csproj]
C:\Users\ADMIN\MonadoBlade\src\MonadoBlade.Core\Caching\DistributedCacheWrapper.cs(114,64): warning CS8625: Cannot convert null literal to non-nullable reference type. [C:\Users\ADMIN\MonadoBlade\src\MonadoBlade.Core\MonadoBlade.Core.csproj]
C:\Users\ADMIN\MonadoBlade\src\MonadoBlade.Core\Caching\DistributedCacheWrapper.cs(121,78): warning CS8625: Cannot convert null literal to non-nullable reference type. [C:\Users\ADMIN\MonadoBlade\src\MonadoBlade.Core\MonadoBlade.Core.csproj]
C:\Users\ADMIN\MonadoBlade\src\MonadoBlade.Core\Caching\IntelligentCache.cs(193,104): warning CS8625: Cannot convert null literal to non-nullable reference type. [C:\Users\ADMIN\MonadoBlade\src\MonadoBlade.Core\MonadoBlade.Core.csproj]
C:\Users\ADMIN\MonadoBlade\src\MonadoBlade.Core\Caching\IntelligentCache.cs(234,103): warning CS8625: Cannot convert null literal to non-nullable reference type. [C:\Users\ADMIN\MonadoBlade\src\MonadoBlade.Core\MonadoBlade.Core.csproj]
C:\Users\ADMIN\MonadoBlade\src\MonadoBlade.Core\HELIOS\AIHubConnector.cs(54,86): warning CS8625: Cannot convert null literal to non-nullable reference type. [C:\Users\ADMIN\MonadoBlade\src\MonadoBlade.Core\MonadoBlade.Core.csproj]
C:\Users\ADMIN\MonadoBlade\src\MonadoBlade.Core\Integrations\EventPublisherCoalescingExample.cs(32,34): warning CS8765: Nullability of type of parameter 'obj' doesn't match overridden member (possibly because of nullability attributes). [C:\Users\ADMIN\MonadoBlade\src\MonadoBlade.Core\MonadoBlade.Core.csproj]
C:\Users\ADMIN\MonadoBlade\src\MonadoBlade.Core\Observability\AdvancedMetrics.cs(16,88): warning CS8625: Cannot convert null literal to non-nullable reference type. [C:\Users\ADMIN\MonadoBlade\src\MonadoBlade.Core\MonadoBlade.Core.csproj]
C:\Users\ADMIN\MonadoBlade\src\MonadoBlade.Core\Observability\AdvancedMetrics.cs(17,102): warning CS8625: Cannot convert null literal to non-nullable reference type. [C:\Users\ADMIN\MonadoBlade\src\MonadoBlade.Core\MonadoBlade.Core.csproj]
C:\Users\ADMIN\MonadoBlade\src\MonadoBlade.Core\Messaging\MessageCoalescer.cs(18,69): warning CS8714: The type 'TKey' cannot be used as type parameter 'TKey' in the generic type or method 'ConcurrentDictionary<TKey, TValue>'. Nullability of type argument 'TKey' doesn't match 'notnull' constraint. [C:\Users\ADMIN\MonadoBlade\src\MonadoBlade.Core\MonadoBlade.Core.csproj]
C:\Users\ADMIN\MonadoBlade\src\MonadoBlade.Core\Observability\AdvancedMetrics.cs(54,95): warning CS8625: Cannot convert null literal to non-nullable reference type. [C:\Users\ADMIN\MonadoBlade\src\MonadoBlade.Core\MonadoBlade.Core.csproj]
C:\Users\ADMIN\MonadoBlade\src\MonadoBlade.Core\Observability\AdvancedMetrics.cs(79,109): warning CS8625: Cannot convert null literal to non-nullable reference type. [C:\Users\ADMIN\MonadoBlade\src\MonadoBlade.Core\MonadoBlade.Core.csproj]
C:\Users\ADMIN\MonadoBlade\src\MonadoBlade.Core\Observability\AdvancedMetrics.cs(196,117): warning CS8625: Cannot convert null literal to non-nullable reference type. [C:\Users\ADMIN\MonadoBlade\src\MonadoBlade.Core\MonadoBlade.Core.csproj]
C:\Users\ADMIN\MonadoBlade\src\MonadoBlade.Core\SystemIntegration\WindowsSystemBridge.cs(119,59): warning CS8625: Cannot convert null literal to non-nullable reference type. [C:\Users\ADMIN\MonadoBlade\src\MonadoBlade.Core\MonadoBlade.Core.csproj]
C:\Users\ADMIN\MonadoBlade\src\MonadoBlade.Core\Services\CloudSyncService.cs(15,39): warning CS0108: 'CloudSyncService._cache' hides inherited member 'ServiceBase._cache'. Use the new keyword if hiding was intended. [C:\Users\ADMIN\MonadoBlade\src\MonadoBlade.Core\MonadoBlade.Core.csproj]
C:\Users\ADMIN\MonadoBlade\src\MonadoBlade.Core\UI\AppStateManagement.cs(148,90): warning CS8625: Cannot convert null literal to non-nullable reference type. [C:\Users\ADMIN\MonadoBlade\src\MonadoBlade.Core\MonadoBlade.Core.csproj]
C:\Users\ADMIN\MonadoBlade\src\MonadoBlade.Core\UI\AppStateManagement.cs(225,81): warning CS8625: Cannot convert null literal to non-nullable reference type. [C:\Users\ADMIN\MonadoBlade\src\MonadoBlade.Core\MonadoBlade.Core.csproj]
C:\Users\ADMIN\MonadoBlade\src\MonadoBlade.Core\UI\AppStateManagement.cs(271,85): warning CS8625: Cannot convert null literal to non-nullable reference type. [C:\Users\ADMIN\MonadoBlade\src\MonadoBlade.Core\MonadoBlade.Core.csproj]
C:\Users\ADMIN\MonadoBlade\src\MonadoBlade.Core\Services\MLService.cs(14,39): warning CS0108: 'MLService._cache' hides inherited member 'ServiceBase._cache'. Use the new keyword if hiding was intended. [C:\Users\ADMIN\MonadoBlade\src\MonadoBlade.Core\MonadoBlade.Core.csproj]
C:\Users\ADMIN\MonadoBlade\src\MonadoBlade.Core\Services\PluginService.cs(14,39): warning CS0108: 'PluginService._cache' hides inherited member 'ServiceBase._cache'. Use the new keyword if hiding was intended. [C:\Users\ADMIN\MonadoBlade\src\MonadoBlade.Core\MonadoBlade.Core.csproj]
C:\Users\ADMIN\MonadoBlade\src\MonadoBlade.Core\Services\SubscribeService.cs(78,52): warning CS8425: Async-iterator 'SubscribeService.GetChangeFeedAsync<T>(long?, CancellationToken)' has one or more parameters of type 'CancellationToken' but none of them is decorated with the 'EnumeratorCancellation' attribute, so the cancellation token parameter from the generated 'IAsyncEnumerable<>.GetAsyncEnumerator' will be unconsumed [C:\Users\ADMIN\MonadoBlade\src\MonadoBlade.Core\MonadoBlade.Core.csproj]
C:\Users\ADMIN\MonadoBlade\src\MonadoBlade.Core\Data\DataAccessLayer.cs(407,22): error CS0246: The type or namespace name 'IDbContextTransaction' could not be found (are you missing a using directive or an assembly reference?) [C:\Users\ADMIN\MonadoBlade\src\MonadoBlade.Core\MonadoBlade.Core.csproj]
C:\Users\ADMIN\MonadoBlade\src\MonadoBlade.Core\Data\DataAccessLayer.cs(413,31): error CS0246: The type or namespace name 'IDbContextTransaction' could not be found (are you missing a using directive or an assembly reference?) [C:\Users\ADMIN\MonadoBlade\src\MonadoBlade.Core\MonadoBlade.Core.csproj]
C:\Users\ADMIN\MonadoBlade\src\MonadoBlade.Core\Services\CloudSyncService.cs(13,46): error CS0535: 'CloudSyncService' does not implement interface member 'ICloudSyncService.SyncAsync(string)' [C:\Users\ADMIN\MonadoBlade\src\MonadoBlade.Core\MonadoBlade.Core.csproj]
C:\Users\ADMIN\MonadoBlade\src\MonadoBlade.Core\Services\CloudSyncService.cs(13,46): error CS0535: 'CloudSyncService' does not implement interface member 'ICloudSyncService.GetStatusAsync(string)' [C:\Users\ADMIN\MonadoBlade\src\MonadoBlade.Core\MonadoBlade.Core.csproj]
C:\Users\ADMIN\MonadoBlade\src\MonadoBlade.Core\Services\CloudSyncService.cs(13,46): error CS0535: 'CloudSyncService' does not implement interface member 'ICloudSyncService.ResolveConflictAsync(ConflictDetails, ConflictResolution)' [C:\Users\ADMIN\MonadoBlade\src\MonadoBlade.Core\MonadoBlade.Core.csproj]
C:\Users\ADMIN\MonadoBlade\src\MonadoBlade.Core\Services\CloudSyncService.cs(13,46): error CS0535: 'CloudSyncService' does not implement interface member 'ICloudSyncService.GetConflictsAsync()' [C:\Users\ADMIN\MonadoBlade\src\MonadoBlade.Core\MonadoBlade.Core.csproj]
C:\Users\ADMIN\MonadoBlade\src\MonadoBlade.Core\Services\CloudSyncService.cs(13,46): error CS0535: 'CloudSyncService' does not implement interface member 'ICloudSyncService.SubscribeToSyncCompleted(Func<string, Task>)' [C:\Users\ADMIN\MonadoBlade\src\MonadoBlade.Core\MonadoBlade.Core.csproj]
C:\Users\ADMIN\MonadoBlade\src\MonadoBlade.Core\Services\CloudSyncService.cs(13,46): error CS0535: 'CloudSyncService' does not implement interface member 'ICloudSyncService.SetAutoSyncIntervalAsync(TimeSpan)' [C:\Users\ADMIN\MonadoBlade\src\MonadoBlade.Core\MonadoBlade.Core.csproj]
C:\Users\ADMIN\MonadoBlade\src\MonadoBlade.Core\Services\CloudSyncService.cs(13,46): error CS0535: 'CloudSyncService' does not implement interface member 'ICloudSyncService.PauseAutoSyncAsync()' [C:\Users\ADMIN\MonadoBlade\src\MonadoBlade.Core\MonadoBlade.Core.csproj]
C:\Users\ADMIN\MonadoBlade\src\MonadoBlade.Core\Services\CloudSyncService.cs(13,46): error CS0535: 'CloudSyncService' does not implement interface member 'ICloudSyncService.ResumeAutoSyncAsync()' [C:\Users\ADMIN\MonadoBlade\src\MonadoBlade.Core\MonadoBlade.Core.csproj]
C:\Users\ADMIN\MonadoBlade\src\MonadoBlade.Core\Services\MLService.cs(12,39): error CS0535: 'MLService' does not implement interface member 'IMLService.QueryAsync(string, AIOptions?)' [C:\Users\ADMIN\MonadoBlade\src\MonadoBlade.Core\MonadoBlade.Core.csproj]
C:\Users\ADMIN\MonadoBlade\src\MonadoBlade.Core\Services\MLService.cs(12,39): error CS0535: 'MLService' does not implement interface member 'IMLService.GetEmbeddingAsync(string)' [C:\Users\ADMIN\MonadoBlade\src\MonadoBlade.Core\MonadoBlade.Core.csproj]
C:\Users\ADMIN\MonadoBlade\src\MonadoBlade.Core\Services\MLService.cs(12,39): error CS0535: 'MLService' does not implement interface member 'IMLService.SelectBestProviderAsync(QueryContext)' [C:\Users\ADMIN\MonadoBlade\src\MonadoBlade.Core\MonadoBlade.Core.csproj]
C:\Users\ADMIN\MonadoBlade\src\MonadoBlade.Core\Services\MLService.cs(12,39): error CS0535: 'MLService' does not implement interface member 'IMLService.StreamAsync(string, AIOptions?)' [C:\Users\ADMIN\MonadoBlade\src\MonadoBlade.Core\MonadoBlade.Core.csproj]
C:\Users\ADMIN\MonadoBlade\src\MonadoBlade.Core\Services\MLService.cs(12,39): error CS0535: 'MLService' does not implement interface member 'IMLService.AnalyzeSentimentAsync(string)' [C:\Users\ADMIN\MonadoBlade\src\MonadoBlade.Core\MonadoBlade.Core.csproj]
C:\Users\ADMIN\MonadoBlade\src\MonadoBlade.Core\Services\MLService.cs(12,39): error CS0535: 'MLService' does not implement interface member 'IMLService.ExtractEntitiesAsync(string)' [C:\Users\ADMIN\MonadoBlade\src\MonadoBlade.Core\MonadoBlade.Core.csproj]
C:\Users\ADMIN\MonadoBlade\src\MonadoBlade.Core\Services\MLService.cs(12,39): error CS0535: 'MLService' does not implement interface member 'IMLService.SummarizeAsync(string, int)' [C:\Users\ADMIN\MonadoBlade\src\MonadoBlade.Core\MonadoBlade.Core.csproj]
C:\Users\ADMIN\MonadoBlade\src\MonadoBlade.Core\Services\MLService.cs(12,39): error CS0535: 'MLService' does not implement interface member 'IMLService.GetProviderMetricsAsync()' [C:\Users\ADMIN\MonadoBlade\src\MonadoBlade.Core\MonadoBlade.Core.csproj]
C:\Users\ADMIN\MonadoBlade\src\MonadoBlade.Core\Services\PluginService.cs(11,43): error CS0535: 'PluginService' does not implement interface member 'IPluginService.DiscoverPluginsAsync()' [C:\Users\ADMIN\MonadoBlade\src\MonadoBlade.Core\MonadoBlade.Core.csproj]
C:\Users\ADMIN\MonadoBlade\src\MonadoBlade.Core\Services\PluginService.cs(11,43): error CS0535: 'PluginService' does not implement interface member 'IPluginService.LoadPluginAsync(string)' [C:\Users\ADMIN\MonadoBlade\src\MonadoBlade.Core\MonadoBlade.Core.csproj]
C:\Users\ADMIN\MonadoBlade\src\MonadoBlade.Core\Services\PluginService.cs(11,43): error CS0535: 'PluginService' does not implement interface member 'IPluginService.UnloadPluginAsync(string)' [C:\Users\ADMIN\MonadoBlade\src\MonadoBlade.Core\MonadoBlade.Core.csproj]
C:\Users\ADMIN\MonadoBlade\src\MonadoBlade.Core\Services\PluginService.cs(11,43): error CS0535: 'PluginService' does not implement interface member 'IPluginService.ExecutePluginAsync(string, string, params object?[])' [C:\Users\ADMIN\MonadoBlade\src\MonadoBlade.Core\MonadoBlade.Core.csproj]
C:\Users\ADMIN\MonadoBlade\src\MonadoBlade.Core\Services\PluginService.cs(11,43): error CS0535: 'PluginService' does not implement interface member 'IPluginService.RegisterPluginAsync(PluginMetadata)' [C:\Users\ADMIN\MonadoBlade\src\MonadoBlade.Core\MonadoBlade.Core.csproj]
C:\Users\ADMIN\MonadoBlade\src\MonadoBlade.Core\Services\PluginService.cs(11,43): error CS0535: 'PluginService' does not implement interface member 'IPluginService.UnregisterPluginAsync(string)' [C:\Users\ADMIN\MonadoBlade\src\MonadoBlade.Core\MonadoBlade.Core.csproj]
C:\Users\ADMIN\MonadoBlade\src\MonadoBlade.Core\Services\PluginService.cs(11,43): error CS0535: 'PluginService' does not implement interface member 'IPluginService.GetLoadedPluginsAsync()' [C:\Users\ADMIN\MonadoBlade\src\MonadoBlade.Core\MonadoBlade.Core.csproj]
C:\Users\ADMIN\MonadoBlade\src\MonadoBlade.Core\Services\PluginService.cs(11,43): error CS0535: 'PluginService' does not implement interface member 'IPluginService.GetPluginAsync(string)' [C:\Users\ADMIN\MonadoBlade\src\MonadoBlade.Core\MonadoBlade.Core.csproj]
C:\Users\ADMIN\MonadoBlade\src\MonadoBlade.Core\Services\PluginService.cs(11,43): error CS0535: 'PluginService' does not implement interface member 'IPluginService.HasPermissionAsync(string, string)' [C:\Users\ADMIN\MonadoBlade\src\MonadoBlade.Core\MonadoBlade.Core.csproj]
C:\Users\ADMIN\MonadoBlade\src\MonadoBlade.Core\Services\PluginService.cs(11,43): error CS0535: 'PluginService' does not implement interface member 'IPluginService.GrantPermissionAsync(string, string)' [C:\Users\ADMIN\MonadoBlade\src\MonadoBlade.Core\MonadoBlade.Core.csproj]
C:\Users\ADMIN\MonadoBlade\src\MonadoBlade.Core\Services\PluginService.cs(11,43): error CS0535: 'PluginService' does not implement interface member 'IPluginService.RevokePermissionAsync(string, string)' [C:\Users\ADMIN\MonadoBlade\src\MonadoBlade.Core\MonadoBlade.Core.csproj]
C:\Users\ADMIN\MonadoBlade\src\MonadoBlade.Core\Services\MutationService.cs(9,22): error CS0246: The type or namespace name 'IDataAccessLayer' could not be found (are you missing a using directive or an assembly reference?) [C:\Users\ADMIN\MonadoBlade\src\MonadoBlade.Core\MonadoBlade.Core.csproj]
C:\Users\ADMIN\MonadoBlade\src\MonadoBlade.Core\Services\MutationService.cs(11,44): error CS0246: The type or namespace name 'IDataAccessLayer' could not be found (are you missing a using directive or an assembly reference?) [C:\Users\ADMIN\MonadoBlade\src\MonadoBlade.Core\MonadoBlade.Core.csproj]
C:\Users\ADMIN\MonadoBlade\src\MonadoBlade.Core\Services\QueryService.cs(9,22): error CS0246: The type or namespace name 'IDataAccessLayer' could not be found (are you missing a using directive or an assembly reference?) [C:\Users\ADMIN\MonadoBlade\src\MonadoBlade.Core\MonadoBlade.Core.csproj]
C:\Users\ADMIN\MonadoBlade\src\MonadoBlade.Core\Services\QueryService.cs(11,41): error CS0246: The type or namespace name 'IDataAccessLayer' could not be found (are you missing a using directive or an assembly reference?) [C:\Users\ADMIN\MonadoBlade\src\MonadoBlade.Core\MonadoBlade.Core.csproj]
    54 Warning(s)
    33 Error(s)

Time Elapsed 00:00:00.89
