  Determining projects to restore...
C:\Users\ADMIN\MonadoBlade\tests\MonadoBlade.Tests.Unit\MonadoBlade.Tests.Unit.csproj : warning NU1603: MonadoBlade.Tests.Unit depends on Microsoft.NET.Test.Sdk (>= 17.8.2) but Microsoft.NET.Test.Sdk 17.8.2 was not found. Microsoft.NET.Test.Sdk 17.9.0 was resolved instead. [C:\Users\ADMIN\MonadoBlade\MonadoBlade.sln]
C:\Users\ADMIN\MonadoBlade\tests\MonadoBlade.Tests.Performance\MonadoBlade.Tests.Performance.csproj : warning NU1603: MonadoBlade.Tests.Performance depends on Microsoft.NET.Test.Sdk (>= 17.8.2) but Microsoft.NET.Test.Sdk 17.8.2 was not found. Microsoft.NET.Test.Sdk 17.9.0 was resolved instead. [C:\Users\ADMIN\MonadoBlade\MonadoBlade.sln]
C:\Users\ADMIN\MonadoBlade\tests\MonadoBlade.Tests.Integration\MonadoBlade.Tests.Integration.csproj : warning NU1603: MonadoBlade.Tests.Integration depends on Microsoft.NET.Test.Sdk (>= 17.8.2) but Microsoft.NET.Test.Sdk 17.8.2 was not found. Microsoft.NET.Test.Sdk 17.9.0 was resolved instead. [C:\Users\ADMIN\MonadoBlade\MonadoBlade.sln]
  All projects are up-to-date for restore.
C:\Program Files\dotnet\sdk\10.0.201\Sdks\Microsoft.NET.Sdk\targets\Microsoft.NET.Sdk.DefaultItems.targets(162,5): warning NETSDK1137: It is no longer necessary to use the Microsoft.NET.Sdk.WindowsDesktop SDK. Consider changing the Sdk attribute of the root Project element to 'Microsoft.NET.Sdk'. [C:\Users\ADMIN\MonadoBlade\src\MonadoBlade.GUI\MonadoBlade.GUI.csproj]
C:\Program Files\dotnet\sdk\10.0.201\Sdks\Microsoft.NET.Sdk\targets\Microsoft.NET.Sdk.DefaultItems.targets(162,5): warning NETSDK1137: It is no longer necessary to use the Microsoft.NET.Sdk.WindowsDesktop SDK. Consider changing the Sdk attribute of the root Project element to 'Microsoft.NET.Sdk'. [C:\Users\ADMIN\MonadoBlade\src\MonadoBlade.Graphics\MonadoBlade.Graphics.csproj]
C:\Program Files\dotnet\sdk\10.0.201\Sdks\Microsoft.NET.Sdk\targets\Microsoft.NET.Sdk.DefaultItems.targets(162,5): warning NETSDK1137: It is no longer necessary to use the Microsoft.NET.Sdk.WindowsDesktop SDK. Consider changing the Sdk attribute of the root Project element to 'Microsoft.NET.Sdk'. [C:\Users\ADMIN\MonadoBlade\src\MonadoBlade.Dashboard\MonadoBlade.Dashboard.csproj]
C:\Users\ADMIN\MonadoBlade\tests\MonadoBlade.Tests.Unit\MonadoBlade.Tests.Unit.csproj : warning NU1603: MonadoBlade.Tests.Unit depends on Microsoft.NET.Test.Sdk (>= 17.8.2) but Microsoft.NET.Test.Sdk 17.8.2 was not found. Microsoft.NET.Test.Sdk 17.9.0 was resolved instead.
C:\Users\ADMIN\MonadoBlade\tests\MonadoBlade.Tests.Integration\MonadoBlade.Tests.Integration.csproj : warning NU1603: MonadoBlade.Tests.Integration depends on Microsoft.NET.Test.Sdk (>= 17.8.2) but Microsoft.NET.Test.Sdk 17.8.2 was not found. Microsoft.NET.Test.Sdk 17.9.0 was resolved instead.
C:\Users\ADMIN\MonadoBlade\tests\MonadoBlade.Tests.Performance\MonadoBlade.Tests.Performance.csproj : warning NU1603: MonadoBlade.Tests.Performance depends on Microsoft.NET.Test.Sdk (>= 17.8.2) but Microsoft.NET.Test.Sdk 17.8.2 was not found. Microsoft.NET.Test.Sdk 17.9.0 was resolved instead.
  MonadoBlade.Core -> C:\Users\ADMIN\MonadoBlade\src\MonadoBlade.Core\bin\Release\net8.0\MonadoBlade.Core.dll
C:\Users\ADMIN\.nuget\packages\microsoft.codeanalysis.netanalyzers\8.0.0\buildTransitive\Microsoft.CodeAnalysis.NetAnalyzers.targets(648,5): warning : The .NET SDK has newer analyzers with version '10.0.201' than what version '8.0.0' of 'Microsoft.CodeAnalysis.NetAnalyzers' package provides. Update or remove this package reference. You can suppress this warning by setting the MSBuild property '_SkipUpgradeNetAnalyzersNuGetWarning' to 'true'. [C:\Users\ADMIN\MonadoBlade\src\MonadoBlade.Developer\MonadoBlade.Developer.csproj]
  MonadoBlade.Boot -> C:\Users\ADMIN\MonadoBlade\src\MonadoBlade.Boot\bin\Release\net8.0\MonadoBlade.Boot.dll
  MonadoBlade.Developer -> C:\Users\ADMIN\MonadoBlade\src\MonadoBlade.Developer\bin\Release\net8.0\MonadoBlade.Developer.dll
  MonadoBlade.Audio -> C:\Users\ADMIN\MonadoBlade\src\MonadoBlade.Audio\bin\Release\net8.0\MonadoBlade.Audio.dll
  MonadoBlade.Tools -> C:\Users\ADMIN\MonadoBlade\src\MonadoBlade.Tools\bin\Release\net8.0\MonadoBlade.Tools.dll
  MonadoBlade.Graphics -> C:\Users\ADMIN\MonadoBlade\src\MonadoBlade.Graphics\bin\Release\net8.0-windows\MonadoBlade.Graphics.dll
C:\Users\ADMIN\MonadoBlade\src\MonadoBlade.Security\EncryptionKeyManager.cs(129,37): error CS1069: The type name 'ProtectedData' could not be found in the namespace 'System.Security.Cryptography'. This type has been forwarded to assembly 'System.Security.Cryptography.ProtectedData, Version=0.0.0.0, Culture=neutral, PublicKeyToken=b03f5f7f11d50a3a' Consider adding a reference to that assembly. [C:\Users\ADMIN\MonadoBlade\src\MonadoBlade.Security\MonadoBlade.Security.csproj]
C:\Users\ADMIN\MonadoBlade\src\MonadoBlade.Security\EncryptionKeyManager.cs(129,103): error CS1069: The type name 'DataProtectionScope' could not be found in the namespace 'System.Security.Cryptography'. This type has been forwarded to assembly 'System.Security.Cryptography.ProtectedData, Version=0.0.0.0, Culture=neutral, PublicKeyToken=b03f5f7f11d50a3a' Consider adding a reference to that assembly. [C:\Users\ADMIN\MonadoBlade\src\MonadoBlade.Security\MonadoBlade.Security.csproj]
  MonadoBlade.Dashboard -> C:\Users\ADMIN\MonadoBlade\src\MonadoBlade.Dashboard\bin\Release\net8.0-windows\MonadoBlade.Dashboard.dll

Build FAILED.

C:\Users\ADMIN\MonadoBlade\tests\MonadoBlade.Tests.Unit\MonadoBlade.Tests.Unit.csproj : warning NU1603: MonadoBlade.Tests.Unit depends on Microsoft.NET.Test.Sdk (>= 17.8.2) but Microsoft.NET.Test.Sdk 17.8.2 was not found. Microsoft.NET.Test.Sdk 17.9.0 was resolved instead. [C:\Users\ADMIN\MonadoBlade\MonadoBlade.sln]
C:\Users\ADMIN\MonadoBlade\tests\MonadoBlade.Tests.Performance\MonadoBlade.Tests.Performance.csproj : warning NU1603: MonadoBlade.Tests.Performance depends on Microsoft.NET.Test.Sdk (>= 17.8.2) but Microsoft.NET.Test.Sdk 17.8.2 was not found. Microsoft.NET.Test.Sdk 17.9.0 was resolved instead. [C:\Users\ADMIN\MonadoBlade\MonadoBlade.sln]
C:\Users\ADMIN\MonadoBlade\tests\MonadoBlade.Tests.Integration\MonadoBlade.Tests.Integration.csproj : warning NU1603: MonadoBlade.Tests.Integration depends on Microsoft.NET.Test.Sdk (>= 17.8.2) but Microsoft.NET.Test.Sdk 17.8.2 was not found. Microsoft.NET.Test.Sdk 17.9.0 was resolved instead. [C:\Users\ADMIN\MonadoBlade\MonadoBlade.sln]
C:\Program Files\dotnet\sdk\10.0.201\Sdks\Microsoft.NET.Sdk\targets\Microsoft.NET.Sdk.DefaultItems.targets(162,5): warning NETSDK1137: It is no longer necessary to use the Microsoft.NET.Sdk.WindowsDesktop SDK. Consider changing the Sdk attribute of the root Project element to 'Microsoft.NET.Sdk'. [C:\Users\ADMIN\MonadoBlade\src\MonadoBlade.GUI\MonadoBlade.GUI.csproj]
C:\Program Files\dotnet\sdk\10.0.201\Sdks\Microsoft.NET.Sdk\targets\Microsoft.NET.Sdk.DefaultItems.targets(162,5): warning NETSDK1137: It is no longer necessary to use the Microsoft.NET.Sdk.WindowsDesktop SDK. Consider changing the Sdk attribute of the root Project element to 'Microsoft.NET.Sdk'. [C:\Users\ADMIN\MonadoBlade\src\MonadoBlade.Graphics\MonadoBlade.Graphics.csproj]
C:\Program Files\dotnet\sdk\10.0.201\Sdks\Microsoft.NET.Sdk\targets\Microsoft.NET.Sdk.DefaultItems.targets(162,5): warning NETSDK1137: It is no longer necessary to use the Microsoft.NET.Sdk.WindowsDesktop SDK. Consider changing the Sdk attribute of the root Project element to 'Microsoft.NET.Sdk'. [C:\Users\ADMIN\MonadoBlade\src\MonadoBlade.Dashboard\MonadoBlade.Dashboard.csproj]
C:\Users\ADMIN\MonadoBlade\tests\MonadoBlade.Tests.Unit\MonadoBlade.Tests.Unit.csproj : warning NU1603: MonadoBlade.Tests.Unit depends on Microsoft.NET.Test.Sdk (>= 17.8.2) but Microsoft.NET.Test.Sdk 17.8.2 was not found. Microsoft.NET.Test.Sdk 17.9.0 was resolved instead.
C:\Users\ADMIN\MonadoBlade\tests\MonadoBlade.Tests.Integration\MonadoBlade.Tests.Integration.csproj : warning NU1603: MonadoBlade.Tests.Integration depends on Microsoft.NET.Test.Sdk (>= 17.8.2) but Microsoft.NET.Test.Sdk 17.8.2 was not found. Microsoft.NET.Test.Sdk 17.9.0 was resolved instead.
C:\Users\ADMIN\MonadoBlade\tests\MonadoBlade.Tests.Performance\MonadoBlade.Tests.Performance.csproj : warning NU1603: MonadoBlade.Tests.Performance depends on Microsoft.NET.Test.Sdk (>= 17.8.2) but Microsoft.NET.Test.Sdk 17.8.2 was not found. Microsoft.NET.Test.Sdk 17.9.0 was resolved instead.
C:\Users\ADMIN\.nuget\packages\microsoft.codeanalysis.netanalyzers\8.0.0\buildTransitive\Microsoft.CodeAnalysis.NetAnalyzers.targets(648,5): warning : The .NET SDK has newer analyzers with version '10.0.201' than what version '8.0.0' of 'Microsoft.CodeAnalysis.NetAnalyzers' package provides. Update or remove this package reference. You can suppress this warning by setting the MSBuild property '_SkipUpgradeNetAnalyzersNuGetWarning' to 'true'. [C:\Users\ADMIN\MonadoBlade\src\MonadoBlade.Developer\MonadoBlade.Developer.csproj]
C:\Users\ADMIN\MonadoBlade\src\MonadoBlade.Security\EncryptionKeyManager.cs(129,37): error CS1069: The type name 'ProtectedData' could not be found in the namespace 'System.Security.Cryptography'. This type has been forwarded to assembly 'System.Security.Cryptography.ProtectedData, Version=0.0.0.0, Culture=neutral, PublicKeyToken=b03f5f7f11d50a3a' Consider adding a reference to that assembly. [C:\Users\ADMIN\MonadoBlade\src\MonadoBlade.Security\MonadoBlade.Security.csproj]
C:\Users\ADMIN\MonadoBlade\src\MonadoBlade.Security\EncryptionKeyManager.cs(129,103): error CS1069: The type name 'DataProtectionScope' could not be found in the namespace 'System.Security.Cryptography'. This type has been forwarded to assembly 'System.Security.Cryptography.ProtectedData, Version=0.0.0.0, Culture=neutral, PublicKeyToken=b03f5f7f11d50a3a' Consider adding a reference to that assembly. [C:\Users\ADMIN\MonadoBlade\src\MonadoBlade.Security\MonadoBlade.Security.csproj]
    10 Warning(s)
    2 Error(s)

Time Elapsed 00:00:01.06
